#
# A fatal error has been detected by the Java Runtime Environment:
#
#  EXCEPTION_UNCAUGHT_CXX_EXCEPTION (0xe06d7363) at pc=0x00007ffbfb275b0c, pid=28176, tid=0x00000000000065dc
#
# JRE version: Java(TM) SE Runtime Environment (8.0_401) (build 1.8.0_401-b10)
# Java VM: Java HotSpot(TM) 64-Bit Server VM (25.401-b10 mixed mode windows-amd64 compressed oops)
# Problematic frame:
# C  [KERNELBASE.dll+0x65b0c]
#
# Failed to write core dump. Minidumps are not enabled by default on client versions of Windows
#
# If you would like to submit a bug report, please visit:
#   http://bugreport.java.com/bugreport/crash.jsp
# The crash happened outside the Java Virtual Machine in native code.
# See problematic frame for where to report the bug.
#

---------------  T H R E A D  ---------------

Current thread (0x0000020c090f3800):  JavaThread "main" [_thread_in_native, id=26076, stack(0x0000007228c00000,0x0000007228df0000)]

siginfo: ExceptionCode=0xe06d7363, ExceptionInformation=0x0000000019930520 0x0000007228de1d08 0x00007ffaef9890a8 0x00007ffaef920000 

Registers:
RAX=0xbff0000000000000, RBX=0x0000007228de13e0, RCX=0x0000000000000000, RDX=0x00000000802a1de8
RSP=0x0000007228ddf920, RBP=0x0000007228de0000, RSI=0x0000007228de1ba0, RDI=0x0000007228de07b0
R8 =0x00000072000b2920, R9 =0x0000020c0b4f8750, R10=0x00007ffa000b0c28, R11=0x0000007222f37d90
R12=0x0000000000000000, R13=0x0000007228ddfa88, R14=0x0000000000000002, R15=0x0000007228de0918
RIP=0x00007ffbfb275b0c, EFLAGS=0x0000000000000202

Top of Stack: (sp=0x0000007228ddf920)
0x0000007228ddf920:   0000000000000000 0000007228de13e0
0x0000007228ddf930:   0000007228de1ba0 00007ffaef93bda1
0x0000007228ddf940:   00000081e06d7363 0000000000000000
0x0000007228ddf950:   00007ffbfb275b0c 0000000000000004
0x0000007228ddf960:   0000000019930520 0000007228de1d08
0x0000007228ddf970:   00007ffaef9890a8 00007ffaef920000
0x0000007228ddf980:   0000d86196b196dc 00007ffaef970382
0x0000007228ddf990:   0000007228de13e0 00007ffbd7d73489
0x0000007228ddf9a0:   0000007200000000 00007ffbd7d780e4
0x0000007228ddf9b0:   00007ffbf17e62b0 00007ffbf17e6280
0x0000007228ddf9c0:   0000007228de07b0 00007ffbd7d733c9
0x0000007228ddf9d0:   0000007228de13e0 0000007228de1ba0
0x0000007228ddf9e0:   00003d1b157c99f0 00007ffbf17e6280
0x0000007228ddf9f0:   0000007228de13e0 00007ffbd7d72743
0x0000007228ddfa00:   00007ffaef970340 0000007228de0918
0x0000007228ddfa10:   0000007200000100 00007ffaef13c631 

Instructions: (pc=0x00007ffbfb275b0c)
0x00007ffbfb275aec:   0f 46 c0 44 8b c0 44 89 44 24 38 49 c1 e0 03 e8
0x00007ffbfb275afc:   c7 f2 05 00 48 8d 4c 24 20 48 ff 15 44 ae 1f 00
0x00007ffbfb275b0c:   0f 1f 44 00 00 48 8b 8c 24 c0 00 00 00 48 33 cc
0x00007ffbfb275b1c:   e8 5f 2f 05 00 48 81 c4 d8 00 00 00 c3 cc 83 64 


Register to memory mapping:

RAX=0xbff0000000000000 is an unknown value
RBX=0x0000007228de13e0 is pointing into the stack for thread: 0x0000020c090f3800
RCX=0x0000000000000000 is an unknown value
RDX=0x00000000802a1de8 is pointing into object: 0x00000000802a1dc8
[Lclojure.lang.PersistentHashMap$INode; 
 - klass: 'clojure/lang/PersistentHashMap$INode'[]
 - length: 32
RSP=0x0000007228ddf920 is pointing into the stack for thread: 0x0000020c090f3800
RBP=0x0000007228de0000 is pointing into the stack for thread: 0x0000020c090f3800
RSI=0x0000007228de1ba0 is pointing into the stack for thread: 0x0000020c090f3800
RDI=0x0000007228de07b0 is pointing into the stack for thread: 0x0000020c090f3800
R8 =0x00000072000b2920 is an unknown value
R9 =0x0000020c0b4f8750 is at entry_point+-304 in (nmethod*)0x0000020c0b4f8750
R10=0x00007ffa000b0c28 is an unknown value
R11=0x0000007222f37d90 is an unknown value
R12=0x0000000000000000 is an unknown value
R13=0x0000007228ddfa88 is pointing into the stack for thread: 0x0000020c090f3800
R14=0x0000000000000002 is an unknown value
R15=0x0000007228de0918 is pointing into the stack for thread: 0x0000020c090f3800


Stack: [0x0000007228c00000,0x0000007228df0000],  sp=0x0000007228ddf920,  free space=1918k
Native frames: (J=compiled Java code, j=interpreted, Vv=VM code, C=native code)
C  [KERNELBASE.dll+0x65b0c]
C  [VCRUNTIME140_1.dll+0x2743]
C  [ntdll.dll+0xa3c66]
C  [_jpype.cp310-win_amd64.pyd+0x3c645]
C  [_jpype.cp310-win_amd64.pyd+0x3cec2]
C  [_jpype.cp310-win_amd64.pyd+0x2be0b]
C  0x0000020c0b5bca18

Java frames: (J=compiled Java code, j=interpreted, Vv=VM code)
J 1115  org.jpype.manager.TypeFactoryNative.newWrapper(JJ)V (0 bytes) @ 0x0000020c0b5bc97b [0x0000020c0b5bc940+0x3b]
J 1114 C1 org.jpype.JPypeContext.newWrapper(J)V (34 bytes) @ 0x0000020c0b5bc41c [0x0000020c0b5bc280+0x19c]
v  ~StubRoutines::call_stub

---------------  P R O C E S S  ---------------

Java Threads: ( => current thread )
  0x0000020c2939a800 JavaThread "SIGINT handler" daemon [_thread_blocked, id=41568, stack(0x00000072579e0000,0x0000007257bd0000)]
  0x0000020c2939b000 JavaThread "clojure-agent-send-off-pool-359" [_thread_blocked, id=39332, stack(0x00000072577f0000,0x00000072579e0000)]
  0x0000020c2939e000 JavaThread "clojure-agent-send-off-pool-358" [_thread_blocked, id=43948, stack(0x0000007257600000,0x00000072577f0000)]
  0x0000020c2939d800 JavaThread "clojure-agent-send-off-pool-357" [_thread_blocked, id=41620, stack(0x0000007257410000,0x0000007257600000)]
  0x0000020c29399000 JavaThread "clojure-agent-send-off-pool-356" [_thread_blocked, id=41916, stack(0x0000007257220000,0x0000007257410000)]
  0x0000020c29399800 JavaThread "clojure-agent-send-off-pool-355" [_thread_blocked, id=25768, stack(0x0000007257030000,0x0000007257220000)]
  0x0000020c29390800 JavaThread "clojure-agent-send-off-pool-354" [_thread_blocked, id=25428, stack(0x0000007256e40000,0x0000007257030000)]
  0x0000020c29397800 JavaThread "clojure-agent-send-off-pool-353" [_thread_blocked, id=44184, stack(0x0000007256c50000,0x0000007256e40000)]
  0x0000020c29396800 JavaThread "clojure-agent-send-off-pool-352" [_thread_blocked, id=6240, stack(0x0000007256a60000,0x0000007256c50000)]
  0x0000020c2938f000 JavaThread "clojure-agent-send-off-pool-351" [_thread_blocked, id=34808, stack(0x0000007256870000,0x0000007256a60000)]
  0x0000020c29390000 JavaThread "clojure-agent-send-off-pool-350" [_thread_blocked, id=14800, stack(0x0000007256680000,0x0000007256870000)]
  0x0000020c29392000 JavaThread "clojure-agent-send-off-pool-349" [_thread_blocked, id=44332, stack(0x0000007256490000,0x0000007256680000)]
  0x0000020c29396000 JavaThread "clojure-agent-send-off-pool-348" [_thread_blocked, id=40436, stack(0x00000072562a0000,0x0000007256490000)]
  0x0000020c2938e800 JavaThread "clojure-agent-send-off-pool-347" [_thread_blocked, id=17580, stack(0x00000072560b0000,0x00000072562a0000)]
  0x0000020c29394800 JavaThread "clojure-agent-send-off-pool-346" [_thread_blocked, id=37156, stack(0x0000007255ec0000,0x00000072560b0000)]
  0x0000020c29393800 JavaThread "clojure-agent-send-off-pool-345" [_thread_blocked, id=12992, stack(0x0000007255cd0000,0x0000007255ec0000)]
  0x0000020c29395000 JavaThread "clojure-agent-send-off-pool-344" [_thread_blocked, id=45448, stack(0x0000007255ae0000,0x0000007255cd0000)]
  0x0000020c29393000 JavaThread "clojure-agent-send-off-pool-343" [_thread_blocked, id=46000, stack(0x00000072558f0000,0x0000007255ae0000)]
  0x0000020c29391800 JavaThread "clojure-agent-send-off-pool-342" [_thread_blocked, id=29760, stack(0x0000007255700000,0x00000072558f0000)]
  0x0000020c27903800 JavaThread "clojure-agent-send-off-pool-341" [_thread_blocked, id=3544, stack(0x0000007255510000,0x0000007255700000)]
  0x0000020c27902800 JavaThread "clojure-agent-send-off-pool-340" [_thread_blocked, id=40576, stack(0x0000007255320000,0x0000007255510000)]
  0x0000020c278fb000 JavaThread "clojure-agent-send-off-pool-339" [_thread_blocked, id=10060, stack(0x0000007255130000,0x0000007255320000)]
  0x0000020c278fa800 JavaThread "clojure-agent-send-off-pool-338" [_thread_blocked, id=42988, stack(0x0000007254f40000,0x0000007255130000)]
  0x0000020c27901000 JavaThread "clojure-agent-send-off-pool-326" [_thread_blocked, id=45840, stack(0x0000007254d50000,0x0000007254f40000)]
  0x0000020c27900800 JavaThread "clojure-agent-send-off-pool-337" [_thread_blocked, id=36124, stack(0x0000007254b60000,0x0000007254d50000)]
  0x0000020c278ff800 JavaThread "clojure-agent-send-off-pool-336" [_thread_blocked, id=22876, stack(0x0000007254970000,0x0000007254b60000)]
  0x0000020c278fd800 JavaThread "clojure-agent-send-off-pool-334" [_thread_blocked, id=38188, stack(0x0000007254780000,0x0000007254970000)]
  0x0000020c278f9800 JavaThread "clojure-agent-send-off-pool-335" [_thread_blocked, id=30836, stack(0x0000007254590000,0x0000007254780000)]
  0x0000020c278fe000 JavaThread "clojure-agent-send-off-pool-333" [_thread_blocked, id=42556, stack(0x00000072543a0000,0x0000007254590000)]
  0x0000020c278ff000 JavaThread "clojure-agent-send-off-pool-332" [_thread_blocked, id=40128, stack(0x00000072541b0000,0x00000072543a0000)]
  0x0000020c278fc800 JavaThread "clojure-agent-send-off-pool-321" [_thread_blocked, id=45440, stack(0x0000007253fc0000,0x00000072541b0000)]
  0x0000020c278fc000 JavaThread "clojure-agent-send-off-pool-331" [_thread_blocked, id=41176, stack(0x0000007253dd0000,0x0000007253fc0000)]
  0x0000020c278f2000 JavaThread "clojure-agent-send-off-pool-325" [_thread_blocked, id=42332, stack(0x0000007253be0000,0x0000007253dd0000)]
  0x0000020c278f9000 JavaThread "clojure-agent-send-off-pool-330" [_thread_blocked, id=42368, stack(0x00000072539f0000,0x0000007253be0000)]
  0x0000020c278f8000 JavaThread "clojure-agent-send-off-pool-329" [_thread_blocked, id=45292, stack(0x0000007253800000,0x00000072539f0000)]
  0x0000020c278f6000 JavaThread "clojure-agent-send-off-pool-328" [_thread_blocked, id=6064, stack(0x0000007253610000,0x0000007253800000)]
  0x0000020c278f5000 JavaThread "clojure-agent-send-off-pool-327" [_thread_blocked, id=41384, stack(0x0000007253420000,0x0000007253610000)]
  0x0000020c278f3800 JavaThread "clojure-agent-send-off-pool-324" [_thread_blocked, id=17548, stack(0x0000007253230000,0x0000007253420000)]
  0x0000020c278f1000 JavaThread "clojure-agent-send-off-pool-312" [_thread_blocked, id=17004, stack(0x0000007253040000,0x0000007253230000)]
  0x0000020c278f4800 JavaThread "clojure-agent-send-off-pool-323" [_thread_blocked, id=27932, stack(0x0000007252e50000,0x0000007253040000)]
  0x0000020c278f0800 JavaThread "clojure-agent-send-off-pool-322" [_thread_blocked, id=42212, stack(0x0000007252c60000,0x0000007252e50000)]
  0x0000020c278f7800 JavaThread "clojure-agent-send-off-pool-320" [_thread_blocked, id=45804, stack(0x0000007252a70000,0x0000007252c60000)]
  0x0000020c278f6800 JavaThread "clojure-agent-send-off-pool-299" [_thread_blocked, id=34656, stack(0x0000007252880000,0x0000007252a70000)]
  0x0000020c278f3000 JavaThread "clojure-agent-send-off-pool-319" [_thread_blocked, id=37112, stack(0x0000007252690000,0x0000007252880000)]
  0x0000020c278ef800 JavaThread "clojure-agent-send-off-pool-318" [_thread_blocked, id=11168, stack(0x00000072524a0000,0x0000007252690000)]
  0x0000020c278e8000 JavaThread "clojure-agent-send-off-pool-317" [_thread_blocked, id=42508, stack(0x00000072522b0000,0x00000072524a0000)]
  0x0000020c278ef000 JavaThread "clojure-agent-send-off-pool-316" [_thread_blocked, id=45820, stack(0x00000072520c0000,0x00000072522b0000)]
  0x0000020c278e7800 JavaThread "clojure-agent-send-off-pool-310" [_thread_blocked, id=15200, stack(0x0000007251ed0000,0x00000072520c0000)]
  0x0000020c278ee000 JavaThread "clojure-agent-send-off-pool-315" [_thread_blocked, id=38020, stack(0x0000007251ce0000,0x0000007251ed0000)]
  0x0000020c278e6800 JavaThread "clojure-agent-send-off-pool-314" [_thread_blocked, id=7112, stack(0x0000007251af0000,0x0000007251ce0000)]
  0x0000020c278e9800 JavaThread "clojure-agent-send-off-pool-313" [_thread_blocked, id=43932, stack(0x0000007251900000,0x0000007251af0000)]
  0x0000020c278ec800 JavaThread "clojure-agent-send-off-pool-311" [_thread_in_Java, id=41600, stack(0x0000007251710000,0x0000007251900000)]
  0x0000020c278ec000 JavaThread "clojure-agent-send-off-pool-309" [_thread_blocked, id=36024, stack(0x0000007251520000,0x0000007251710000)]
  0x0000020c278ea800 JavaThread "clojure-agent-send-off-pool-308" [_thread_in_Java, id=25208, stack(0x0000007251330000,0x0000007251520000)]
  0x0000020c278eb000 JavaThread "clojure-agent-send-off-pool-307" [_thread_in_Java, id=40276, stack(0x0000007251140000,0x0000007251330000)]
  0x0000020c278ed800 JavaThread "clojure-agent-send-off-pool-306" [_thread_blocked, id=30060, stack(0x0000007250f50000,0x0000007251140000)]
  0x0000020c278e9000 JavaThread "clojure-agent-send-off-pool-305" [_thread_blocked, id=36360, stack(0x0000007250d60000,0x0000007250f50000)]
  0x0000020c278e4800 JavaThread "clojure-agent-send-off-pool-304" [_thread_blocked, id=33260, stack(0x0000007250b70000,0x0000007250d60000)]
  0x0000020c278e6000 JavaThread "clojure-agent-send-off-pool-303" [_thread_blocked, id=36196, stack(0x0000007250980000,0x0000007250b70000)]
  0x0000020c278e5000 JavaThread "clojure-agent-send-off-pool-302" [_thread_blocked, id=37376, stack(0x0000007250790000,0x0000007250980000)]
  0x0000020c2981c800 JavaThread "clojure-agent-send-off-pool-301" [_thread_blocked, id=44904, stack(0x00000072505a0000,0x0000007250790000)]
  0x0000020c29820000 JavaThread "clojure-agent-send-off-pool-300" [_thread_blocked, id=40912, stack(0x00000072503b0000,0x00000072505a0000)]
  0x0000020c2981e800 JavaThread "clojure-agent-send-off-pool-296" [_thread_blocked, id=40100, stack(0x00000072501c0000,0x00000072503b0000)]
  0x0000020c2981d000 JavaThread "clojure-agent-send-off-pool-298" [_thread_blocked, id=42068, stack(0x000000724ffd0000,0x00000072501c0000)]
  0x0000020c2981b800 JavaThread "clojure-agent-send-off-pool-297" [_thread_blocked, id=42920, stack(0x000000724fde0000,0x000000724ffd0000)]
  0x0000020c2981f800 JavaThread "clojure-agent-send-off-pool-247" [_thread_blocked, id=22324, stack(0x000000724fbf0000,0x000000724fde0000)]
  0x0000020c2981e000 JavaThread "clojure-agent-send-off-pool-295" [_thread_blocked, id=42164, stack(0x000000724fa00000,0x000000724fbf0000)]
  0x0000020c29814000 JavaThread "clojure-agent-send-off-pool-294" [_thread_blocked, id=36664, stack(0x000000724f810000,0x000000724fa00000)]
  0x0000020c2981b000 JavaThread "clojure-agent-send-off-pool-293" [_thread_blocked, id=15172, stack(0x000000724f620000,0x000000724f810000)]
  0x0000020c29813800 JavaThread "clojure-agent-send-off-pool-292" [_thread_blocked, id=5984, stack(0x000000724f430000,0x000000724f620000)]
  0x0000020c2981a000 JavaThread "clojure-agent-send-off-pool-291" [_thread_blocked, id=44192, stack(0x000000724f240000,0x000000724f430000)]
  0x0000020c29818000 JavaThread "clojure-agent-send-off-pool-290" [_thread_blocked, id=42184, stack(0x000000724f050000,0x000000724f240000)]
  0x0000020c29815800 JavaThread "clojure-agent-send-off-pool-289" [_thread_blocked, id=35252, stack(0x000000724ee60000,0x000000724f050000)]
  0x0000020c29816800 JavaThread "clojure-agent-send-off-pool-288" [_thread_blocked, id=23080, stack(0x000000724ec70000,0x000000724ee60000)]
  0x0000020c29818800 JavaThread "clojure-agent-send-off-pool-287" [_thread_blocked, id=45080, stack(0x000000724ea80000,0x000000724ec70000)]
  0x0000020c29819800 JavaThread "clojure-agent-send-off-pool-286" [_thread_blocked, id=45264, stack(0x000000724e890000,0x000000724ea80000)]
  0x0000020c29815000 JavaThread "clojure-agent-send-off-pool-285" [_thread_blocked, id=7452, stack(0x000000724e6a0000,0x000000724e890000)]
  0x0000020c29812800 JavaThread "clojure-agent-send-off-pool-284" [_thread_blocked, id=43684, stack(0x000000724e4b0000,0x000000724e6a0000)]
  0x0000020c29811000 JavaThread "clojure-agent-send-off-pool-251" [_thread_blocked, id=32356, stack(0x000000724e2c0000,0x000000724e4b0000)]
  0x0000020c29817000 JavaThread "clojure-agent-send-off-pool-283" [_thread_blocked, id=43576, stack(0x000000724e0d0000,0x000000724e2c0000)]
  0x0000020c29812000 JavaThread "clojure-agent-send-off-pool-282" [_thread_blocked, id=45180, stack(0x000000724dee0000,0x000000724e0d0000)]
  0x0000020c29809800 JavaThread "clojure-agent-send-off-pool-281" [_thread_blocked, id=44800, stack(0x000000724dcf0000,0x000000724dee0000)]
  0x0000020c29810800 JavaThread "clojure-agent-send-off-pool-280" [_thread_blocked, id=3128, stack(0x000000724db00000,0x000000724dcf0000)]
  0x0000020c2980e000 JavaThread "clojure-agent-send-off-pool-279" [_thread_blocked, id=45000, stack(0x000000724d910000,0x000000724db00000)]
  0x0000020c2980c800 JavaThread "clojure-agent-send-off-pool-278" [_thread_blocked, id=27928, stack(0x000000724d720000,0x000000724d910000)]
  0x0000020c2980a800 JavaThread "clojure-agent-send-off-pool-277" [_thread_blocked, id=21920, stack(0x000000724d530000,0x000000724d720000)]
  0x0000020c2980c000 JavaThread "clojure-agent-send-off-pool-254" [_thread_blocked, id=45644, stack(0x000000724d340000,0x000000724d530000)]
  0x0000020c2980f800 JavaThread "clojure-agent-send-off-pool-266" [_thread_blocked, id=43184, stack(0x000000724d150000,0x000000724d340000)]
  0x0000020c2980b000 JavaThread "clojure-agent-send-off-pool-268" [_thread_blocked, id=24208, stack(0x000000724cf60000,0x000000724d150000)]
  0x0000020c2980f000 JavaThread "clojure-agent-send-off-pool-271" [_thread_blocked, id=15480, stack(0x000000724cd70000,0x000000724cf60000)]
  0x0000020c2980d800 JavaThread "clojure-agent-send-off-pool-212" [_thread_blocked, id=41228, stack(0x000000724cb80000,0x000000724cd70000)]
  0x0000020c29802000 JavaThread "clojure-agent-send-off-pool-276" [_thread_blocked, id=44936, stack(0x000000724c990000,0x000000724cb80000)]
  0x0000020c29806800 JavaThread "clojure-agent-send-off-pool-275" [_thread_blocked, id=23336, stack(0x000000724c7a0000,0x000000724c990000)]
  0x0000020c29806000 JavaThread "clojure-agent-send-off-pool-274" [_thread_blocked, id=34408, stack(0x000000724c5b0000,0x000000724c7a0000)]
  0x0000020c29803800 JavaThread "clojure-agent-send-off-pool-273" [_thread_blocked, id=45932, stack(0x000000724c3c0000,0x000000724c5b0000)]
  0x0000020c29803000 JavaThread "clojure-agent-send-off-pool-272" [_thread_blocked, id=20044, stack(0x000000724c1d0000,0x000000724c3c0000)]
  0x0000020c29805000 JavaThread "clojure-agent-send-off-pool-213" [_thread_blocked, id=34416, stack(0x000000724bfe0000,0x000000724c1d0000)]
  0x0000020c29809000 JavaThread "clojure-agent-send-off-pool-270" [_thread_blocked, id=44428, stack(0x000000724bdf0000,0x000000724bfe0000)]
  0x0000020c29807800 JavaThread "clojure-agent-send-off-pool-269" [_thread_blocked, id=45916, stack(0x000000724bc00000,0x000000724bdf0000)]
  0x0000020c29804800 JavaThread "clojure-agent-send-off-pool-244" [_thread_blocked, id=45568, stack(0x000000724ba10000,0x000000724bc00000)]
  0x0000020c29808000 JavaThread "clojure-agent-send-off-pool-267" [_thread_blocked, id=37652, stack(0x000000724b820000,0x000000724ba10000)]
  0x0000020c29801800 JavaThread "clojure-agent-send-off-pool-265" [_thread_blocked, id=45784, stack(0x000000724b630000,0x000000724b820000)]
  0x0000020c277d7000 JavaThread "clojure-agent-send-off-pool-264" [_thread_blocked, id=35772, stack(0x000000724b440000,0x000000724b630000)]
  0x0000020c277de000 JavaThread "clojure-agent-send-off-pool-263" [_thread_blocked, id=36032, stack(0x000000724b250000,0x000000724b440000)]
  0x0000020c277d6800 JavaThread "clojure-agent-send-off-pool-262" [_thread_blocked, id=36600, stack(0x000000724b060000,0x000000724b250000)]
  0x0000020c277dd000 JavaThread "clojure-agent-send-off-pool-261" [_thread_blocked, id=17048, stack(0x000000724ae70000,0x000000724b060000)]
  0x0000020c277d5800 JavaThread "clojure-agent-send-off-pool-260" [_thread_blocked, id=29416, stack(0x000000724ac80000,0x000000724ae70000)]
  0x0000020c277da000 JavaThread "clojure-agent-send-off-pool-259" [_thread_blocked, id=42728, stack(0x000000724aa90000,0x000000724ac80000)]
  0x0000020c277d8800 JavaThread "clojure-agent-send-off-pool-258" [_thread_blocked, id=39856, stack(0x000000724a8a0000,0x000000724aa90000)]
  0x0000020c277dc800 JavaThread "clojure-agent-send-off-pool-257" [_thread_blocked, id=38888, stack(0x000000724a6b0000,0x000000724a8a0000)]
  0x0000020c277db800 JavaThread "clojure-agent-send-off-pool-256" [_thread_blocked, id=41032, stack(0x000000724a4c0000,0x000000724a6b0000)]
  0x0000020c277d9800 JavaThread "clojure-agent-send-off-pool-255" [_thread_blocked, id=40944, stack(0x000000724a2d0000,0x000000724a4c0000)]
  0x0000020c277db000 JavaThread "clojure-agent-send-off-pool-253" [_thread_blocked, id=45960, stack(0x000000724a0e0000,0x000000724a2d0000)]
  0x0000020c277d8000 JavaThread "clojure-agent-send-off-pool-252" [_thread_blocked, id=46016, stack(0x0000007249ef0000,0x000000724a0e0000)]
  0x0000020c277cf000 JavaThread "clojure-agent-send-off-pool-250" [_thread_blocked, id=6068, stack(0x0000007249d00000,0x0000007249ef0000)]
  0x0000020c277d5000 JavaThread "clojure-agent-send-off-pool-249" [_thread_blocked, id=41628, stack(0x0000007249b10000,0x0000007249d00000)]
  0x0000020c277d4000 JavaThread "clojure-agent-send-off-pool-248" [_thread_blocked, id=41968, stack(0x0000007249920000,0x0000007249b10000)]
  0x0000020c277d3800 JavaThread "clojure-agent-send-off-pool-246" [_thread_blocked, id=17564, stack(0x0000007249730000,0x0000007249920000)]
  0x0000020c277ce000 JavaThread "clojure-agent-send-off-pool-199" [_thread_blocked, id=39348, stack(0x0000007249540000,0x0000007249730000)]
  0x0000020c277cc800 JavaThread "clojure-agent-send-off-pool-245" [_thread_blocked, id=41328, stack(0x0000007249350000,0x0000007249540000)]
  0x0000020c277cf800 JavaThread "clojure-agent-send-off-pool-177" [_thread_blocked, id=15532, stack(0x0000007249160000,0x0000007249350000)]
  0x0000020c277d2800 JavaThread "clojure-agent-send-off-pool-189" [_thread_blocked, id=41532, stack(0x0000007248f70000,0x0000007249160000)]
  0x0000020c277d2000 JavaThread "clojure-agent-send-off-pool-204" [_thread_blocked, id=28332, stack(0x0000007248d80000,0x0000007248f70000)]
  0x0000020c277d1000 JavaThread "clojure-agent-send-off-pool-243" [_thread_blocked, id=37272, stack(0x0000007248b90000,0x0000007248d80000)]
  0x0000020c277cd800 JavaThread "clojure-agent-send-off-pool-242" [_thread_blocked, id=45416, stack(0x00000072489a0000,0x0000007248b90000)]
  0x0000020c277d0800 JavaThread "clojure-agent-send-off-pool-241" [_thread_blocked, id=36088, stack(0x00000072487b0000,0x00000072489a0000)]
  0x0000020c277c9800 JavaThread "clojure-agent-send-off-pool-240" [_thread_blocked, id=2524, stack(0x00000072485c0000,0x00000072487b0000)]
  0x0000020c277cc000 JavaThread "clojure-agent-send-off-pool-239" [_thread_blocked, id=34136, stack(0x00000072483d0000,0x00000072485c0000)]
  0x0000020c277cb000 JavaThread "clojure-agent-send-off-pool-238" [_thread_blocked, id=36732, stack(0x00000072481e0000,0x00000072483d0000)]
  0x0000020c277c8000 JavaThread "clojure-agent-send-off-pool-237" [_thread_blocked, id=42080, stack(0x0000007247ff0000,0x00000072481e0000)]
  0x0000020c277c9000 JavaThread "clojure-agent-send-off-pool-236" [_thread_blocked, id=29988, stack(0x0000007247e00000,0x0000007247ff0000)]
  0x0000020c277ca800 JavaThread "clojure-agent-send-off-pool-235" [_thread_blocked, id=4564, stack(0x0000007247a10000,0x0000007247c00000)]
  0x0000020c277c0800 JavaThread "clojure-agent-send-off-pool-234" [_thread_blocked, id=19324, stack(0x0000007247820000,0x0000007247a10000)]
  0x0000020c277c6000 JavaThread "clojure-agent-send-off-pool-233" [_thread_blocked, id=45984, stack(0x0000007247630000,0x0000007247820000)]
  0x0000020c277c5000 JavaThread "clojure-agent-send-off-pool-232" [_thread_blocked, id=44964, stack(0x0000007247440000,0x0000007247630000)]
  0x0000020c277c4800 JavaThread "clojure-agent-send-off-pool-231" [_thread_blocked, id=36380, stack(0x0000007247250000,0x0000007247440000)]
  0x0000020c277c3800 JavaThread "clojure-agent-send-off-pool-230" [_thread_blocked, id=12496, stack(0x0000007247060000,0x0000007247250000)]
  0x0000020c277c7800 JavaThread "clojure-agent-send-off-pool-229" [_thread_blocked, id=32776, stack(0x0000007246e70000,0x0000007247060000)]
  0x0000020c277c6800 JavaThread "clojure-agent-send-off-pool-228" [_thread_blocked, id=36144, stack(0x0000007246c80000,0x0000007246e70000)]
  0x0000020c277c2000 JavaThread "clojure-agent-send-off-pool-227" [_thread_blocked, id=20692, stack(0x0000007246a90000,0x0000007246c80000)]
  0x0000020c277bf000 JavaThread "clojure-agent-send-off-pool-226" [_thread_blocked, id=20768, stack(0x00000072468a0000,0x0000007246a90000)]
  0x0000020c277c3000 JavaThread "clojure-agent-send-off-pool-225" [_thread_blocked, id=35004, stack(0x00000072466b0000,0x00000072468a0000)]
  0x0000020c277c1800 JavaThread "clojure-agent-send-off-pool-224" [_thread_blocked, id=19296, stack(0x00000072464c0000,0x00000072466b0000)]
  0x0000020c277c0000 JavaThread "clojure-agent-send-off-pool-223" [_thread_blocked, id=46060, stack(0x00000072462d0000,0x00000072464c0000)]
  0x0000020c271d2000 JavaThread "clojure-agent-send-off-pool-222" [_thread_blocked, id=7560, stack(0x00000072460e0000,0x00000072462d0000)]
  0x0000020c271d1000 JavaThread "clojure-agent-send-off-pool-221" [_thread_blocked, id=14452, stack(0x0000007245ef0000,0x00000072460e0000)]
  0x0000020c271d0800 JavaThread "clojure-agent-send-off-pool-220" [_thread_blocked, id=29024, stack(0x0000007245d00000,0x0000007245ef0000)]
  0x0000020c271ce000 JavaThread "clojure-agent-send-off-pool-219" [_thread_blocked, id=34580, stack(0x0000007245b10000,0x0000007245d00000)]
  0x0000020c271cf000 JavaThread "clojure-agent-send-off-pool-218" [_thread_blocked, id=30620, stack(0x0000007245920000,0x0000007245b10000)]
  0x0000020c271cf800 JavaThread "clojure-agent-send-off-pool-217" [_thread_blocked, id=39168, stack(0x0000007245730000,0x0000007245920000)]
  0x0000020c271d2800 JavaThread "clojure-agent-send-off-pool-216" [_thread_blocked, id=41276, stack(0x0000007245540000,0x0000007245730000)]
  0x0000020c271cd800 JavaThread "clojure-agent-send-off-pool-215" [_thread_blocked, id=15704, stack(0x0000007245350000,0x0000007245540000)]
  0x0000020c271c6000 JavaThread "clojure-agent-send-off-pool-214" [_thread_blocked, id=33272, stack(0x0000007245160000,0x0000007245350000)]
  0x0000020c271cc800 JavaThread "clojure-agent-send-off-pool-211" [_thread_blocked, id=42420, stack(0x0000007244f70000,0x0000007245160000)]
  0x0000020c271c9800 JavaThread "clojure-agent-send-off-pool-179" [_thread_blocked, id=24776, stack(0x0000007244d80000,0x0000007244f70000)]
  0x0000020c271c7800 JavaThread "clojure-agent-send-off-pool-180" [_thread_blocked, id=45068, stack(0x0000007244b90000,0x0000007244d80000)]
  0x0000020c271cc000 JavaThread "clojure-agent-send-off-pool-181" [_thread_blocked, id=3804, stack(0x00000072449a0000,0x0000007244b90000)]
  0x0000020c271cb000 JavaThread "clojure-agent-send-off-pool-182" [_thread_blocked, id=17816, stack(0x00000072447b0000,0x00000072449a0000)]
  0x0000020c271ca800 JavaThread "clojure-agent-send-off-pool-210" [_thread_blocked, id=1124, stack(0x00000072445c0000,0x00000072447b0000)]
  0x0000020c271c9000 JavaThread "clojure-agent-send-off-pool-209" [_thread_blocked, id=21068, stack(0x00000072443d0000,0x00000072445c0000)]
  0x0000020c271c6800 JavaThread "clojure-agent-send-off-pool-208" [_thread_blocked, id=25172, stack(0x00000072441e0000,0x00000072443d0000)]
  0x0000020c271c8000 JavaThread "clojure-agent-send-off-pool-183" [_thread_blocked, id=39836, stack(0x0000007243ff0000,0x00000072441e0000)]
  0x0000020c271be800 JavaThread "clojure-agent-send-off-pool-207" [_thread_blocked, id=2296, stack(0x0000007243e00000,0x0000007243ff0000)]
  0x0000020c271c5000 JavaThread "clojure-agent-send-off-pool-206" [_thread_blocked, id=38052, stack(0x0000007243c10000,0x0000007243e00000)]
  0x0000020c271c0800 JavaThread "clojure-agent-send-off-pool-205" [_thread_blocked, id=4936, stack(0x0000007243a20000,0x0000007243c10000)]
  0x0000020c271c4800 JavaThread "clojure-agent-send-off-pool-185" [_thread_blocked, id=45120, stack(0x0000007243830000,0x0000007243a20000)]
  0x0000020c271c0000 JavaThread "clojure-agent-send-off-pool-203" [_thread_blocked, id=43444, stack(0x0000007243640000,0x0000007243830000)]
  0x0000020c271bd800 JavaThread "clojure-agent-send-off-pool-202" [_thread_blocked, id=17428, stack(0x0000007243450000,0x0000007243640000)]
  0x0000020c271bf000 JavaThread "clojure-agent-send-off-pool-201" [_thread_blocked, id=27140, stack(0x0000007243260000,0x0000007243450000)]
  0x0000020c271c3800 JavaThread "clojure-agent-send-off-pool-200" [_thread_blocked, id=32456, stack(0x0000007243070000,0x0000007243260000)]
  0x0000020c271c1800 JavaThread "clojure-agent-send-off-pool-186" [_thread_blocked, id=27696, stack(0x0000007242e80000,0x0000007243070000)]
  0x0000020c271c3000 JavaThread "clojure-agent-send-off-pool-198" [_thread_blocked, id=20064, stack(0x0000007242c90000,0x0000007242e80000)]
  0x0000020c271c2000 JavaThread "clojure-agent-send-off-pool-197" [_thread_blocked, id=17112, stack(0x0000007242aa0000,0x0000007242c90000)]
  0x0000020c271b6000 JavaThread "clojure-agent-send-off-pool-187" [_thread_blocked, id=43188, stack(0x00000072428b0000,0x0000007242aa0000)]
  0x0000020c271bd000 JavaThread "clojure-agent-send-off-pool-196" [_thread_blocked, id=41016, stack(0x00000072426c0000,0x00000072428b0000)]
  0x0000020c271bb800 JavaThread "clojure-agent-send-off-pool-195" [_thread_blocked, id=3928, stack(0x00000072424d0000,0x00000072426c0000)]
  0x0000020c271bc000 JavaThread "clojure-agent-send-off-pool-188" [_thread_blocked, id=44580, stack(0x00000072422e0000,0x00000072424d0000)]
  0x0000020c271b4800 JavaThread "clojure-agent-send-off-pool-194" [_thread_blocked, id=27852, stack(0x00000072420f0000,0x00000072422e0000)]
  0x0000020c271b4000 JavaThread "clojure-agent-send-off-pool-184" [_thread_blocked, id=45380, stack(0x0000007241f00000,0x00000072420f0000)]
  0x0000020c271b8800 JavaThread "clojure-agent-send-off-pool-193" [_thread_blocked, id=42128, stack(0x0000007241d10000,0x0000007241f00000)]
  0x0000020c271ba000 JavaThread "clojure-agent-send-off-pool-192" [_thread_blocked, id=44584, stack(0x0000007241b20000,0x0000007241d10000)]
  0x0000020c271b7800 JavaThread "clojure-agent-send-off-pool-191" [_thread_blocked, id=42632, stack(0x0000007241930000,0x0000007241b20000)]
  0x0000020c271b5800 JavaThread "clojure-agent-send-off-pool-190" [_thread_blocked, id=45744, stack(0x0000007241740000,0x0000007241930000)]
  0x0000020c271b9000 JavaThread "clojure-agent-send-off-pool-178" [_thread_blocked, id=29808, stack(0x0000007241550000,0x0000007241740000)]
  0x0000020c271b7000 JavaThread "clojure-agent-send-off-pool-171" [_thread_blocked, id=38796, stack(0x0000007241360000,0x0000007241550000)]
  0x0000020c271ba800 JavaThread "clojure-agent-send-off-pool-174" [_thread_blocked, id=31708, stack(0x0000007241170000,0x0000007241360000)]
  0x0000020c273ba800 JavaThread "clojure-agent-send-off-pool-175" [_thread_blocked, id=32436, stack(0x0000007240f80000,0x0000007241170000)]
  0x0000020c273b9000 JavaThread "clojure-agent-send-off-pool-172" [_thread_blocked, id=32916, stack(0x0000007240d90000,0x0000007240f80000)]
  0x0000020c273bf800 JavaThread "clojure-agent-send-off-pool-176" [_thread_blocked, id=42972, stack(0x0000007240ba0000,0x0000007240d90000)]
  0x0000020c273be800 JavaThread "clojure-agent-send-off-pool-165" [_thread_blocked, id=45788, stack(0x00000072409b0000,0x0000007240ba0000)]
  0x0000020c273c0000 JavaThread "clojure-agent-send-off-pool-166" [_thread_blocked, id=41036, stack(0x00000072407c0000,0x00000072409b0000)]
  0x0000020c273b8800 JavaThread "clojure-agent-send-off-pool-167" [_thread_blocked, id=41144, stack(0x00000072405d0000,0x00000072407c0000)]
  0x0000020c273ba000 JavaThread "clojure-agent-send-off-pool-168" [_thread_blocked, id=30948, stack(0x00000072403e0000,0x00000072405d0000)]
  0x0000020c273bc000 JavaThread "clojure-agent-send-off-pool-173" [_thread_blocked, id=24756, stack(0x00000072401f0000,0x00000072403e0000)]
  0x0000020c273be000 JavaThread "clojure-agent-send-off-pool-169" [_thread_blocked, id=45092, stack(0x0000007240000000,0x00000072401f0000)]
  0x0000020c273bd000 JavaThread "clojure-agent-send-off-pool-170" [_thread_blocked, id=43076, stack(0x000000723fe10000,0x0000007240000000)]
  0x0000020c273bb800 JavaThread "clojure-agent-send-off-pool-158" [_thread_blocked, id=300, stack(0x000000723fc20000,0x000000723fe10000)]
  0x0000020c273b1000 JavaThread "clojure-agent-send-off-pool-160" [_thread_blocked, id=30572, stack(0x000000723fa30000,0x000000723fc20000)]
  0x0000020c273b6000 JavaThread "clojure-agent-send-off-pool-162" [_thread_blocked, id=45316, stack(0x000000723f840000,0x000000723fa30000)]
  0x0000020c273b3000 JavaThread "clojure-agent-send-off-pool-161" [_thread_blocked, id=8264, stack(0x000000723f650000,0x000000723f840000)]
  0x0000020c273b2800 JavaThread "clojure-agent-send-off-pool-164" [_thread_blocked, id=41712, stack(0x000000723f460000,0x000000723f650000)]
  0x0000020c273b1800 JavaThread "clojure-agent-send-off-pool-163" [_thread_blocked, id=45856, stack(0x000000723f270000,0x000000723f460000)]
  0x0000020c273b7000 JavaThread "clojure-agent-send-off-pool-150" [_thread_blocked, id=45796, stack(0x000000723f080000,0x000000723f270000)]
  0x0000020c273b5800 JavaThread "clojure-agent-send-off-pool-151" [_thread_blocked, id=6688, stack(0x000000723ee90000,0x000000723f080000)]
  0x0000020c273b4000 JavaThread "clojure-agent-send-off-pool-152" [_thread_blocked, id=41408, stack(0x000000723eca0000,0x000000723ee90000)]
  0x0000020c273b7800 JavaThread "clojure-agent-send-off-pool-153" [_thread_blocked, id=20048, stack(0x000000723eab0000,0x000000723eca0000)]
  0x0000020c273b4800 JavaThread "clojure-agent-send-off-pool-159" [_thread_blocked, id=21364, stack(0x000000723e8c0000,0x000000723eab0000)]
  0x0000020c273b0000 JavaThread "clojure-agent-send-off-pool-155" [_thread_blocked, id=35820, stack(0x000000723e6d0000,0x000000723e8c0000)]
  0x0000020c273af800 JavaThread "clojure-agent-send-off-pool-156" [_thread_blocked, id=1668, stack(0x000000723e4e0000,0x000000723e6d0000)]
  0x0000020c273ac000 JavaThread "clojure-agent-send-off-pool-157" [_thread_blocked, id=23236, stack(0x000000723e2f0000,0x000000723e4e0000)]
  0x0000020c273ab800 JavaThread "clojure-agent-send-off-pool-148" [_thread_blocked, id=37760, stack(0x000000723e100000,0x000000723e2f0000)]
  0x0000020c273aa800 JavaThread "clojure-agent-send-off-pool-154" [_thread_blocked, id=43620, stack(0x000000723df10000,0x000000723e100000)]
  0x0000020c273ae800 JavaThread "clojure-agent-send-off-pool-146" [_thread_blocked, id=41692, stack(0x000000723dd20000,0x000000723df10000)]
  0x0000020c273ad800 JavaThread "clojure-agent-send-off-pool-147" [_thread_blocked, id=17116, stack(0x000000723db30000,0x000000723dd20000)]
  0x0000020c273ad000 JavaThread "clojure-agent-send-off-pool-149" [_thread_blocked, id=44464, stack(0x000000723d940000,0x000000723db30000)]
  0x0000020c273a3000 JavaThread "clojure-agent-send-off-pool-141" [_thread_blocked, id=31644, stack(0x000000723d750000,0x000000723d940000)]
  0x0000020c273aa000 JavaThread "clojure-agent-send-off-pool-143" [_thread_blocked, id=41580, stack(0x000000723d560000,0x000000723d750000)]
  0x0000020c273a2800 JavaThread "clojure-agent-send-off-pool-144" [_thread_blocked, id=6732, stack(0x000000723d370000,0x000000723d560000)]
  0x0000020c273a9000 JavaThread "clojure-agent-send-off-pool-142" [_thread_blocked, id=44340, stack(0x000000723d180000,0x000000723d370000)]
  0x0000020c273a8800 JavaThread "clojure-agent-send-off-pool-145" [_thread_blocked, id=44348, stack(0x000000723cf90000,0x000000723d180000)]
  0x0000020c273a4000 JavaThread "clojure-agent-send-off-pool-136" [_thread_blocked, id=31392, stack(0x000000723cda0000,0x000000723cf90000)]
  0x0000020c273a6000 JavaThread "clojure-agent-send-off-pool-137" [_thread_blocked, id=964, stack(0x000000723cbb0000,0x000000723cda0000)]
  0x0000020c273a1800 JavaThread "clojure-agent-send-off-pool-138" [_thread_blocked, id=19288, stack(0x000000723c9c0000,0x000000723cbb0000)]
  0x0000020c273a1000 JavaThread "clojure-agent-send-off-pool-139" [_thread_blocked, id=31224, stack(0x000000723c7d0000,0x000000723c9c0000)]
  0x0000020c273a4800 JavaThread "clojure-agent-send-off-pool-140" [_thread_blocked, id=21120, stack(0x000000723c5e0000,0x000000723c7d0000)]
  0x0000020c273a7800 JavaThread "clojure-agent-send-off-pool-130" [_thread_blocked, id=45308, stack(0x000000723c3f0000,0x000000723c5e0000)]
  0x0000020c273a5800 JavaThread "clojure-agent-send-off-pool-129" [_thread_blocked, id=42424, stack(0x000000723c200000,0x000000723c3f0000)]
  0x0000020c273a7000 JavaThread "clojure-agent-send-off-pool-132" [_thread_blocked, id=27224, stack(0x000000723c010000,0x000000723c200000)]
  0x0000020c2282a000 JavaThread "clojure-agent-send-off-pool-131" [_thread_blocked, id=31028, stack(0x000000723be20000,0x000000723c010000)]
  0x0000020c22828800 JavaThread "clojure-agent-send-off-pool-133" [_thread_blocked, id=37688, stack(0x000000723bc30000,0x000000723be20000)]
  0x0000020c2282e800 JavaThread "clojure-agent-send-off-pool-134" [_thread_blocked, id=45356, stack(0x000000723ba40000,0x000000723bc30000)]
  0x0000020c2282f800 JavaThread "clojure-agent-send-off-pool-135" [_thread_blocked, id=41588, stack(0x000000723b850000,0x000000723ba40000)]
  0x0000020c2282e000 JavaThread "clojure-agent-send-off-pool-123" [_thread_blocked, id=13832, stack(0x000000723b660000,0x000000723b850000)]
  0x0000020c2282d000 JavaThread "clojure-agent-send-off-pool-124" [_thread_blocked, id=6816, stack(0x000000723b470000,0x000000723b660000)]
  0x0000020c2282c800 JavaThread "clojure-agent-send-off-pool-125" [_thread_blocked, id=8944, stack(0x000000723b280000,0x000000723b470000)]
  0x0000020c22829800 JavaThread "clojure-agent-send-off-pool-128" [_thread_blocked, id=28392, stack(0x000000723b090000,0x000000723b280000)]
  0x0000020c2282b800 JavaThread "clojure-agent-send-off-pool-126" [_thread_blocked, id=41432, stack(0x000000723aea0000,0x000000723b090000)]
  0x0000020c2282b000 JavaThread "clojure-agent-send-off-pool-127" [_thread_blocked, id=42964, stack(0x000000723acb0000,0x000000723aea0000)]
  0x0000020c22821000 JavaThread "clojure-agent-send-off-pool-114" [_thread_blocked, id=39924, stack(0x000000723aac0000,0x000000723acb0000)]
  0x0000020c22828000 JavaThread "clojure-agent-send-off-pool-115" [_thread_blocked, id=37216, stack(0x000000723a8d0000,0x000000723aac0000)]
  0x0000020c22826800 JavaThread "clojure-agent-send-off-pool-117" [_thread_blocked, id=46076, stack(0x000000723a6e0000,0x000000723a8d0000)]
  0x0000020c22827000 JavaThread "clojure-agent-send-off-pool-119" [_thread_blocked, id=43208, stack(0x000000723a4f0000,0x000000723a6e0000)]
  0x0000020c22823800 JavaThread "clojure-agent-send-off-pool-120" [_thread_blocked, id=42452, stack(0x000000723a300000,0x000000723a4f0000)]
  0x0000020c22822800 JavaThread "clojure-agent-send-off-pool-118" [_thread_blocked, id=40380, stack(0x000000723a110000,0x000000723a300000)]
  0x0000020c22825000 JavaThread "clojure-agent-send-off-pool-121" [_thread_blocked, id=32748, stack(0x0000007239f20000,0x000000723a110000)]
  0x0000020c22824000 JavaThread "clojure-agent-send-off-pool-122" [_thread_blocked, id=24248, stack(0x0000007239d30000,0x0000007239f20000)]
  0x0000020c22820800 JavaThread "clojure-agent-send-off-pool-108" [_thread_blocked, id=31860, stack(0x0000007239b40000,0x0000007239d30000)]
  0x0000020c22822000 JavaThread "clojure-agent-send-off-pool-110" [_thread_blocked, id=42100, stack(0x0000007239950000,0x0000007239b40000)]
  0x0000020c22825800 JavaThread "clojure-agent-send-off-pool-111" [_thread_blocked, id=35932, stack(0x0000007239760000,0x0000007239950000)]
  0x0000020c24e91800 JavaThread "clojure-agent-send-off-pool-116" [_thread_blocked, id=44704, stack(0x0000007239570000,0x0000007239760000)]
  0x0000020c24e90800 JavaThread "clojure-agent-send-off-pool-112" [_thread_blocked, id=39196, stack(0x0000007239380000,0x0000007239570000)]
  0x0000020c24e8f000 JavaThread "clojure-agent-send-off-pool-113" [_thread_in_Java, id=45584, stack(0x0000007239190000,0x0000007239380000)]
  0x0000020c24e8e800 JavaThread "clojure-agent-send-off-pool-100" [_thread_blocked, id=24812, stack(0x0000007238fa0000,0x0000007239190000)]
  0x0000020c24e94800 JavaThread "clojure-agent-send-off-pool-102" [_thread_blocked, id=33860, stack(0x0000007238db0000,0x0000007238fa0000)]
  0x0000020c24e90000 JavaThread "clojure-agent-send-off-pool-101" [_thread_blocked, id=41416, stack(0x0000007238bc0000,0x0000007238db0000)]
  0x0000020c24e92000 JavaThread "clojure-agent-send-off-pool-104" [_thread_blocked, id=40724, stack(0x00000072389d0000,0x0000007238bc0000)]
  0x0000020c24e8d800 JavaThread "clojure-agent-send-off-pool-105" [_thread_blocked, id=39084, stack(0x00000072387e0000,0x00000072389d0000)]
  0x0000020c24e93800 JavaThread "clojure-agent-send-off-pool-106" [_thread_blocked, id=38400, stack(0x00000072385f0000,0x00000072387e0000)]
  0x0000020c24e93000 JavaThread "clojure-agent-send-off-pool-109" [_thread_blocked, id=19428, stack(0x0000007238400000,0x00000072385f0000)]
  0x0000020c24e86000 JavaThread "clojure-agent-send-off-pool-107" [_thread_blocked, id=33752, stack(0x0000007238210000,0x0000007238400000)]
  0x0000020c24e8d000 JavaThread "clojure-agent-send-off-pool-95" [_thread_blocked, id=45404, stack(0x0000007238020000,0x0000007238210000)]
  0x0000020c24e87000 JavaThread "clojure-agent-send-off-pool-96" [_thread_blocked, id=4488, stack(0x0000007237e30000,0x0000007238020000)]
  0x0000020c24e8b800 JavaThread "clojure-agent-send-off-pool-97" [_thread_blocked, id=32920, stack(0x0000007237c40000,0x0000007237e30000)]
  0x0000020c24e8a800 JavaThread "clojure-agent-send-off-pool-98" [_thread_blocked, id=14260, stack(0x0000007237a50000,0x0000007237c40000)]
  0x0000020c24e89000 JavaThread "clojure-agent-send-off-pool-103" [_thread_blocked, id=34080, stack(0x0000007237860000,0x0000007237a50000)]
  0x0000020c24e88800 JavaThread "clojure-agent-send-off-pool-99" [_thread_blocked, id=38540, stack(0x0000007237670000,0x0000007237860000)]
  0x0000020c24e87800 JavaThread "clojure-agent-send-off-pool-88" [_thread_blocked, id=14496, stack(0x0000007237480000,0x0000007237670000)]
  0x0000020c24e8a000 JavaThread "clojure-agent-send-off-pool-90" [_thread_blocked, id=33596, stack(0x0000007237290000,0x0000007237480000)]
  0x0000020c24e8c000 JavaThread "clojure-agent-send-off-pool-89" [_thread_blocked, id=40048, stack(0x00000072370a0000,0x0000007237290000)]
  0x0000020c24e85800 JavaThread "clojure-agent-send-off-pool-91" [_thread_blocked, id=46004, stack(0x0000007236eb0000,0x00000072370a0000)]
  0x0000020c27b49000 JavaThread "clojure-agent-send-off-pool-92" [_thread_blocked, id=45312, stack(0x0000007236cc0000,0x0000007236eb0000)]
  0x0000020c27b48800 JavaThread "clojure-agent-send-off-pool-93" [_thread_blocked, id=29616, stack(0x0000007236ad0000,0x0000007236cc0000)]
  0x0000020c27b46000 JavaThread "clojure-agent-send-off-pool-94" [_thread_blocked, id=32180, stack(0x00000072368e0000,0x0000007236ad0000)]
  0x0000020c27b47800 JavaThread "clojure-agent-send-off-pool-82" [_thread_blocked, id=31056, stack(0x00000072366f0000,0x00000072368e0000)]
  0x0000020c27b46800 JavaThread "clojure-agent-send-off-pool-83" [_thread_blocked, id=10752, stack(0x0000007236500000,0x00000072366f0000)]
  0x0000020c27b45000 JavaThread "clojure-agent-send-off-pool-84" [_thread_blocked, id=44420, stack(0x0000007236310000,0x0000007236500000)]
  0x0000020c27b44800 JavaThread "clojure-agent-send-off-pool-85" [_thread_blocked, id=32540, stack(0x0000007236120000,0x0000007236310000)]
  0x0000020c27b43800 JavaThread "clojure-agent-send-off-pool-86" [_thread_blocked, id=20932, stack(0x0000007235f30000,0x0000007236120000)]
  0x0000020c27b43000 JavaThread "clojure-agent-send-off-pool-87" [_thread_blocked, id=45732, stack(0x0000007235d40000,0x0000007235f30000)]
  0x0000020c27b3b800 JavaThread "clojure-agent-send-off-pool-72" [_thread_blocked, id=38752, stack(0x0000007235b50000,0x0000007235d40000)]
  0x0000020c27b42000 JavaThread "clojure-agent-send-off-pool-73" [_thread_blocked, id=2572, stack(0x0000007235960000,0x0000007235b50000)]
  0x0000020c27b3a800 JavaThread "clojure-agent-send-off-pool-74" [_thread_blocked, id=37732, stack(0x0000007235770000,0x0000007235960000)]
  0x0000020c27b40000 JavaThread "clojure-agent-send-off-pool-76" [_thread_blocked, id=44452, stack(0x0000007235580000,0x0000007235770000)]
  0x0000020c27b3f000 JavaThread "clojure-agent-send-off-pool-77" [_thread_blocked, id=40116, stack(0x0000007235390000,0x0000007235580000)]
  0x0000020c27b41800 JavaThread "clojure-agent-send-off-pool-78" [_thread_blocked, id=36788, stack(0x00000072351a0000,0x0000007235390000)]
  0x0000020c27b3d800 JavaThread "clojure-agent-send-off-pool-79" [_thread_blocked, id=34972, stack(0x0000007234fb0000,0x00000072351a0000)]
  0x0000020c27b3d000 JavaThread "clojure-agent-send-off-pool-80" [_thread_blocked, id=42908, stack(0x0000007234dc0000,0x0000007234fb0000)]
  0x0000020c27b3c000 JavaThread "clojure-agent-send-off-pool-81" [_thread_blocked, id=37288, stack(0x0000007234bd0000,0x0000007234dc0000)]
  0x0000020c27b40800 JavaThread "clojure-agent-send-off-pool-66" [_thread_blocked, id=41872, stack(0x00000072349e0000,0x0000007234bd0000)]
  0x0000020c27b3e800 JavaThread "clojure-agent-send-off-pool-67" [_thread_blocked, id=45576, stack(0x00000072347f0000,0x00000072349e0000)]
  0x0000020c27b3a000 JavaThread "clojure-agent-send-off-pool-68" [_thread_blocked, id=9144, stack(0x0000007234600000,0x00000072347f0000)]
  0x0000020c094cd000 JavaThread "clojure-agent-send-off-pool-70" [_thread_blocked, id=32476, stack(0x0000007234410000,0x0000007234600000)]
  0x0000020c25c73000 JavaThread "clojure-agent-send-off-pool-69" [_thread_blocked, id=44616, stack(0x0000007234220000,0x0000007234410000)]
  0x0000020c25c72800 JavaThread "clojure-agent-send-off-pool-75" [_thread_blocked, id=34032, stack(0x0000007234030000,0x0000007234220000)]
  0x0000020c25c71800 JavaThread "clojure-agent-send-off-pool-71" [_thread_blocked, id=41780, stack(0x0000007233e40000,0x0000007234030000)]
  0x0000020c25c74000 JavaThread "clojure-agent-send-off-pool-63" [_thread_blocked, id=4716, stack(0x0000007233c50000,0x0000007233e40000)]
  0x0000020c25c78800 JavaThread "clojure-agent-send-off-pool-64" [_thread_blocked, id=43152, stack(0x0000007233a60000,0x0000007233c50000)]
  0x0000020c25c74800 JavaThread "clojure-agent-send-off-pool-65" [_thread_blocked, id=6284, stack(0x0000007233870000,0x0000007233a60000)]
  0x0000020c25c75800 JavaThread "clojure-agent-send-off-pool-62" [_thread_blocked, id=45188, stack(0x0000007233680000,0x0000007233870000)]
  0x0000020c25c77800 JavaThread "clojure-agent-send-off-pool-61" [_thread_blocked, id=26648, stack(0x0000007233490000,0x0000007233680000)]
  0x0000020c25c70000 JavaThread "clojure-agent-send-off-pool-60" [_thread_blocked, id=42292, stack(0x00000072332a0000,0x0000007233490000)]
  0x0000020c25c6a000 JavaThread "clojure-agent-send-off-pool-59" [_thread_blocked, id=38948, stack(0x00000072330b0000,0x00000072332a0000)]
  0x0000020c25c6f800 JavaThread "clojure-agent-send-off-pool-45" [_thread_blocked, id=46064, stack(0x0000007232ec0000,0x00000072330b0000)]
  0x0000020c25c6e800 JavaThread "clojure-agent-send-off-pool-47" [_thread_blocked, id=43088, stack(0x0000007232cd0000,0x0000007232ec0000)]
  0x0000020c25c6d000 JavaThread "clojure-agent-send-off-pool-49" [_thread_blocked, id=25588, stack(0x0000007232ae0000,0x0000007232cd0000)]
  0x0000020c25c6e000 JavaThread "clojure-agent-send-off-pool-58" [_thread_blocked, id=44532, stack(0x00000072328f0000,0x0000007232ae0000)]
  0x0000020c25c6c800 JavaThread "clojure-agent-send-off-pool-40" [_thread_blocked, id=45152, stack(0x0000007232700000,0x00000072328f0000)]
  0x0000020c25c6b800 JavaThread "clojure-agent-send-off-pool-57" [_thread_blocked, id=43476, stack(0x0000007232510000,0x0000007232700000)]
  0x0000020c24ded000 JavaThread "clojure-agent-send-off-pool-56" [_thread_blocked, id=6752, stack(0x0000007232320000,0x0000007232510000)]
  0x0000020c24dee000 JavaThread "clojure-agent-send-off-pool-55" [_thread_blocked, id=42476, stack(0x0000007232130000,0x0000007232320000)]
  0x0000020c24dec800 JavaThread "clojure-agent-send-off-pool-54" [_thread_blocked, id=42576, stack(0x0000007231f40000,0x0000007232130000)]
  0x0000020c24deb000 JavaThread "clojure-agent-send-off-pool-53" [_thread_blocked, id=45508, stack(0x0000007231d50000,0x0000007231f40000)]
  0x0000020c24de9800 JavaThread "clojure-agent-send-off-pool-39" [_thread_blocked, id=40684, stack(0x0000007231b60000,0x0000007231d50000)]
  0x0000020c24deb800 JavaThread "clojure-agent-send-off-pool-52" [_thread_blocked, id=6376, stack(0x0000007231970000,0x0000007231b60000)]
  0x0000020c24dea000 JavaThread "clojure-agent-send-off-pool-51" [_thread_blocked, id=45024, stack(0x0000007231780000,0x0000007231970000)]
  0x0000020c24de8800 JavaThread "clojure-agent-send-off-pool-50" [_thread_blocked, id=44972, stack(0x0000007231590000,0x0000007231780000)]
  0x0000020c24de8000 JavaThread "clojure-agent-send-off-pool-37" [_thread_blocked, id=4224, stack(0x00000072313a0000,0x0000007231590000)]
  0x0000020c24de0800 JavaThread "clojure-agent-send-off-pool-48" [_thread_blocked, id=38560, stack(0x00000072311b0000,0x00000072313a0000)]
  0x0000020c24de7000 JavaThread "clojure-agent-send-off-pool-46" [_thread_blocked, id=29876, stack(0x0000007230fc0000,0x00000072311b0000)]
  0x0000020c24ddf800 JavaThread "clojure-agent-send-off-pool-44" [_thread_blocked, id=39652, stack(0x0000007230dd0000,0x0000007230fc0000)]
  0x0000020c24de6800 JavaThread "clojure-agent-send-off-pool-43" [_thread_blocked, id=23656, stack(0x0000007230be0000,0x0000007230dd0000)]
  0x0000020c24de5800 JavaThread "clojure-agent-send-off-pool-42" [_thread_blocked, id=15828, stack(0x00000072309f0000,0x0000007230be0000)]
  0x0000020c24de2800 JavaThread "clojure-agent-send-off-pool-41" [_thread_blocked, id=42104, stack(0x0000007230800000,0x00000072309f0000)]
  0x0000020c24de5000 JavaThread "clojure-agent-send-off-pool-38" [_thread_blocked, id=38192, stack(0x0000007230610000,0x0000007230800000)]
  0x0000020c24de3800 JavaThread "clojure-agent-send-off-pool-36" [_thread_blocked, id=45212, stack(0x0000007230420000,0x0000007230610000)]
  0x0000020c24de1000 JavaThread "clojure-agent-send-off-pool-35" [_thread_blocked, id=8780, stack(0x0000007230230000,0x0000007230420000)]
  0x0000020c24de4000 JavaThread "clojure-agent-send-off-pool-34" [_thread_blocked, id=32816, stack(0x0000007230040000,0x0000007230230000)]
  0x0000020c24de2000 JavaThread "clojure-agent-send-off-pool-33" [_thread_blocked, id=42872, stack(0x000000722fe50000,0x0000007230040000)]
  0x0000020c24ddf000 JavaThread "clojure-agent-send-off-pool-32" [_thread_blocked, id=45128, stack(0x000000722fc60000,0x000000722fe50000)]
  0x0000020c228d8800 JavaThread "clojure-agent-send-off-pool-31" [_thread_blocked, id=45616, stack(0x000000722fa70000,0x000000722fc60000)]
  0x0000020c228df800 JavaThread "clojure-agent-send-off-pool-30" [_thread_blocked, id=15764, stack(0x000000722f880000,0x000000722fa70000)]
  0x0000020c228de800 JavaThread "clojure-agent-send-off-pool-28" [_thread_blocked, id=45044, stack(0x000000722f690000,0x000000722f880000)]
  0x0000020c228db800 JavaThread "clojure-agent-send-off-pool-24" [_thread_blocked, id=28996, stack(0x000000722f4a0000,0x000000722f690000)]
  0x0000020c228d9800 JavaThread "clojure-agent-send-off-pool-29" [_thread_blocked, id=44280, stack(0x000000722f2b0000,0x000000722f4a0000)]
  0x0000020c228db000 JavaThread "clojure-agent-send-off-pool-27" [_thread_blocked, id=39136, stack(0x000000722f0c0000,0x000000722f2b0000)]
  0x0000020c228dc800 JavaThread "clojure-agent-send-off-pool-26" [_thread_blocked, id=38392, stack(0x000000722eed0000,0x000000722f0c0000)]
  0x0000020c228de000 JavaThread "clojure-agent-send-off-pool-22" [_thread_blocked, id=27836, stack(0x000000722ece0000,0x000000722eed0000)]
  0x0000020c228dd000 JavaThread "clojure-agent-send-off-pool-25" [_thread_blocked, id=29252, stack(0x000000722eaf0000,0x000000722ece0000)]
  0x0000020c228da000 JavaThread "clojure-agent-send-off-pool-23" [_thread_blocked, id=41912, stack(0x000000722e900000,0x000000722eaf0000)]
  0x0000020c228d1000 JavaThread "clojure-agent-send-off-pool-18" [_thread_blocked, id=44716, stack(0x000000722e710000,0x000000722e900000)]
  0x0000020c228d8000 JavaThread "clojure-agent-send-off-pool-21" [_thread_blocked, id=8284, stack(0x000000722e520000,0x000000722e710000)]
  0x0000020c228d0800 JavaThread "clojure-agent-send-off-pool-20" [_thread_blocked, id=45320, stack(0x000000722e330000,0x000000722e520000)]
  0x0000020c228d7000 JavaThread "clojure-agent-send-off-pool-19" [_thread_blocked, id=33196, stack(0x000000722e140000,0x000000722e330000)]
  0x0000020c228d6800 JavaThread "clojure-agent-send-off-pool-17" [_thread_blocked, id=38232, stack(0x000000722df50000,0x000000722e140000)]
  0x0000020c228d5800 JavaThread "clojure-agent-send-off-pool-16" [_thread_blocked, id=27344, stack(0x000000722dd60000,0x000000722df50000)]
  0x0000020c228d4000 JavaThread "clojure-agent-send-off-pool-15" [_thread_blocked, id=46068, stack(0x000000722db70000,0x000000722dd60000)]
  0x0000020c228d5000 JavaThread "clojure-agent-send-off-pool-13" [_thread_blocked, id=40332, stack(0x000000722d980000,0x000000722db70000)]
  0x0000020c228d3800 JavaThread "clojure-agent-send-off-pool-14" [_thread_blocked, id=25780, stack(0x000000722d790000,0x000000722d980000)]
  0x0000020c228d2000 JavaThread "clojure-agent-send-off-pool-12" [_thread_blocked, id=42940, stack(0x000000722d5a0000,0x000000722d790000)]
  0x0000020c228d2800 JavaThread "clojure-agent-send-off-pool-11" [_thread_blocked, id=12468, stack(0x000000722d3b0000,0x000000722d5a0000)]
  0x0000020c094cf800 JavaThread "clojure-agent-send-off-pool-9" [_thread_blocked, id=35744, stack(0x000000722d1c0000,0x000000722d3b0000)]
  0x0000020c094d4000 JavaThread "clojure-agent-send-off-pool-10" [_thread_blocked, id=44560, stack(0x000000722cfd0000,0x000000722d1c0000)]
  0x0000020c094d5800 JavaThread "clojure-agent-send-off-pool-8" [_thread_blocked, id=31552, stack(0x000000722cde0000,0x000000722cfd0000)]
  0x0000020c094d4800 JavaThread "clojure-agent-send-off-pool-7" [_thread_blocked, id=36108, stack(0x000000722cbf0000,0x000000722cde0000)]
  0x0000020c094d3000 JavaThread "clojure-agent-send-off-pool-6" [_thread_blocked, id=38036, stack(0x000000722ca00000,0x000000722cbf0000)]
  0x0000020c094cb800 JavaThread "clojure-agent-send-off-pool-5" [_thread_blocked, id=1304, stack(0x000000722c810000,0x000000722ca00000)]
  0x0000020c094ce800 JavaThread "clojure-agent-send-off-pool-4" [_thread_blocked, id=45084, stack(0x000000722c620000,0x000000722c810000)]
  0x0000020c094d2800 JavaThread "clojure-agent-send-off-pool-3" [_thread_blocked, id=12488, stack(0x000000722c430000,0x000000722c620000)]
  0x0000020c094cb000 JavaThread "clojure-agent-send-off-pool-2" [_thread_blocked, id=45816, stack(0x000000722c240000,0x000000722c430000)]
  0x0000020c094d1800 JavaThread "clojure-agent-send-off-pool-1" [_thread_blocked, id=30752, stack(0x000000722c050000,0x000000722c240000)]
  0x0000020c094ca000 JavaThread "clojure-agent-send-off-pool-0" [_thread_blocked, id=43284, stack(0x000000722be60000,0x000000722c050000)]
  0x0000020c094c9800 JavaThread "Service Thread" daemon [_thread_blocked, id=45848, stack(0x000000722b890000,0x000000722ba80000)]
  0x0000020c094c8800 JavaThread "C1 CompilerThread3" daemon [_thread_blocked, id=43220, stack(0x000000722b6a0000,0x000000722b890000)]
  0x0000020c094c7000 JavaThread "C2 CompilerThread2" daemon [_thread_in_native, id=34268, stack(0x000000722b4b0000,0x000000722b6a0000)]
  0x0000020c094cc800 JavaThread "C2 CompilerThread1" daemon [_thread_blocked, id=36596, stack(0x000000722b2c0000,0x000000722b4b0000)]
  0x0000020c09460800 JavaThread "C2 CompilerThread0" daemon [_thread_in_native, id=41056, stack(0x000000722b0d0000,0x000000722b2c0000)]
  0x0000020c090f2800 JavaThread "Attach Listener" daemon [_thread_blocked, id=41388, stack(0x000000722aee0000,0x000000722b0d0000)]
  0x0000020c090f2000 JavaThread "Signal Dispatcher" daemon [_thread_blocked, id=45192, stack(0x000000722acf0000,0x000000722aee0000)]
  0x0000020c090f1000 JavaThread "Finalizer" daemon [_thread_blocked, id=38988, stack(0x000000722ab00000,0x000000722acf0000)]
  0x0000020c090f4000 JavaThread "Reference Handler" daemon [_thread_blocked, id=404, stack(0x000000722a910000,0x000000722ab00000)]
=>0x0000020c090f3800 JavaThread "main" [_thread_in_native, id=26076, stack(0x0000007228c00000,0x0000007228df0000)]

Other Threads:
  0x0000020c09435800 VMThread [stack: 0x000000722a720000,0x000000722a910000] [id=17400]
  0x0000020c084cf000 WatcherThread [stack: 0x000000722ba80000,0x000000722bc70000] [id=40092]

VM state:not at safepoint (normal execution)

VM Mutex/Monitor currently owned by a thread:  ([mutex/lock_event])
[0x0000020c07689110] SystemDictionary_lock - owner thread: 0x0000020c278fb000

heap address: 0x0000000080000000, size: 2048 MB, Compressed Oops mode: 32-bit
Narrow klass base: 0x0000000000000000, Narrow klass shift: 3
Compressed class space size: 1073741824 Address: 0x0000000100000000

Heap:
 PSYoungGen      total 662016K, used 432062K [0x00000000d5580000, 0x00000000ffe80000, 0x0000000100000000)
  eden space 658432K, 65% used [0x00000000d5580000,0x00000000ef986d18,0x00000000fd880000)
  from space 3584K, 78% used [0x00000000fdc80000,0x00000000fdf40000,0x00000000fe000000)
  to   space 4096K, 0% used [0x00000000fd880000,0x00000000fd880000,0x00000000fdc80000)
 ParOldGen       total 87552K, used 32928K [0x0000000080000000, 0x0000000085580000, 0x00000000d5580000)
  object space 87552K, 37% used [0x0000000080000000,0x00000000820280a0,0x0000000085580000)
 Metaspace       used 63787K, capacity 89973K, committed 90112K, reserved 1107968K
  class space    used 22179K, capacity 30666K, committed 30720K, reserved 1048576K

Card table byte_map: [0x0000020c1a5a0000,0x0000020c1a9b0000] byte_map_base: 0x0000020c1a1a0000

Marking Bits: (ParMarkBitMap*) 0x00007ffaef8a5fc0
 Begin Bits: [0x0000020c1ac60000, 0x0000020c1cc60000)
 End Bits:   [0x0000020c1cc60000, 0x0000020c1ec60000)

Polling page: 0x0000020c0b1b0000

CodeCache: size=245760Kb used=17078Kb max_used=19047Kb free=228681Kb
 bounds [0x0000020c0b1e0000, 0x0000020c0c4c0000, 0x0000020c1a1e0000]
 total_blobs=4509 nmethods=4109 adapters=313
 compilation: enabled

Compilation events (10 events):
Event: 9.114 Thread 0x0000020c094cc800 6210       4       duckling.ml.naivebayes$p_doc_given_class::invokeStatic (155 bytes)
Event: 9.115 Thread 0x0000020c094c8800 nmethod 6177 0x0000020c0b50c650 code [0x0000020c0b50c7e0, 0x0000020c0b50caa0]
Event: 9.115 Thread 0x0000020c094c8800 6167       2       clojure.lang.Numbers$DoubleOps::multiply (13 bytes)
Event: 9.115 Thread 0x0000020c094c8800 nmethod 6167 0x0000020c0b798d90 code [0x0000020c0b798f00, 0x0000020c0b799120]
Event: 9.116 Thread 0x0000020c094c8800 6218       1       clojure.lang.Numbers$DoubleOps::opsWith (2 bytes)
Event: 9.116 Thread 0x0000020c094c8800 nmethod 6218 0x0000020c0b313050 code [0x0000020c0b3131a0, 0x0000020c0b3132b8]
Event: 9.119 Thread 0x0000020c094c8800 6220       1       java.util.concurrent.ThreadPoolExecutor::runStateOf (5 bytes)
Event: 9.119 Thread 0x0000020c094c8800 nmethod 6220 0x0000020c0b3fdbd0 code [0x0000020c0b3fdd20, 0x0000020c0b3fde18]
Event: 9.120 Thread 0x0000020c094c8800 6217       2       java.util.concurrent.SynchronousQueue$TransferStack$SNode::isCancelled (14 bytes)
Event: 9.120 Thread 0x0000020c094c8800 nmethod 6217 0x0000020c0b30e590 code [0x0000020c0b30e6e0, 0x0000020c0b30e858]

GC Heap History (10 events):
Event: 8.717 GC heap before
{Heap before GC invocations=74 (full 23):
 PSYoungGen      total 428032K, used 427584K [0x00000000d5580000, 0x00000000fe400000, 0x0000000100000000)
  eden space 427008K, 100% used [0x00000000d5580000,0x00000000ef680000,0x00000000ef680000)
  from space 1024K, 56% used [0x00000000fe300000,0x00000000fe390000,0x00000000fe400000)
  to   space 4096K, 0% used [0x00000000fdc00000,0x00000000fdc00000,0x00000000fe000000)
 ParOldGen       total 87552K, used 33839K [0x0000000080000000, 0x0000000085580000, 0x00000000d5580000)
  object space 87552K, 38% used [0x0000000080000000,0x000000008210bd90,0x0000000085580000)
 Metaspace       used 63678K, capacity 89885K, committed 90112K, reserved 1107968K
  class space    used 22174K, capacity 30666K, committed 30720K, reserved 1048576K
Event: 8.720 GC heap after
Heap after GC invocations=74 (full 23):
 PSYoungGen      total 408576K, used 544K [0x00000000d5580000, 0x00000000fe380000, 0x0000000100000000)
  eden space 407552K, 0% used [0x00000000d5580000,0x00000000d5580000,0x00000000ee380000)
  from space 1024K, 53% used [0x00000000fdc00000,0x00000000fdc88000,0x00000000fdd00000)
  to   space 4096K, 0% used [0x00000000fdf80000,0x00000000fdf80000,0x00000000fe380000)
 ParOldGen       total 87552K, used 34215K [0x0000000080000000, 0x0000000085580000, 0x00000000d5580000)
  object space 87552K, 39% used [0x0000000080000000,0x0000000082169d90,0x0000000085580000)
 Metaspace       used 63678K, capacity 89885K, committed 90112K, reserved 1107968K
  class space    used 22174K, capacity 30666K, committed 30720K, reserved 1048576K
}
Event: 8.824 GC heap before
{Heap before GC invocations=75 (full 23):
 PSYoungGen      total 408576K, used 408096K [0x00000000d5580000, 0x00000000fe380000, 0x0000000100000000)
  eden space 407552K, 100% used [0x00000000d5580000,0x00000000ee380000,0x00000000ee380000)
  from space 1024K, 53% used [0x00000000fdc00000,0x00000000fdc88000,0x00000000fdd00000)
  to   space 4096K, 0% used [0x00000000fdf80000,0x00000000fdf80000,0x00000000fe380000)
 ParOldGen       total 87552K, used 34215K [0x0000000080000000, 0x0000000085580000, 0x00000000d5580000)
  object space 87552K, 39% used [0x0000000080000000,0x0000000082169d90,0x0000000085580000)
 Metaspace       used 63711K, capacity 89889K, committed 90112K, reserved 1107968K
  class space    used 22174K, capacity 30666K, committed 30720K, reserved 1048576K
Event: 8.827 GC heap after
Heap after GC invocations=75 (full 23):
 PSYoungGen      total 531968K, used 1568K [0x00000000d5580000, 0x00000000fe180000, 0x0000000100000000)
  eden space 529920K, 0% used [0x00000000d5580000,0x00000000d5580000,0x00000000f5b00000)
  from space 2048K, 76% used [0x00000000fdf80000,0x00000000fe108000,0x00000000fe180000)
  to   space 4096K, 0% used [0x00000000fd980000,0x00000000fd980000,0x00000000fdd80000)
 ParOldGen       total 87552K, used 34439K [0x0000000080000000, 0x0000000085580000, 0x00000000d5580000)
  object space 87552K, 39% used [0x0000000080000000,0x00000000821a1d90,0x0000000085580000)
 Metaspace       used 63711K, capacity 89889K, committed 90112K, reserved 1107968K
  class space    used 22174K, capacity 30666K, committed 30720K, reserved 1048576K
}
Event: 8.846 GC heap before
{Heap before GC invocations=76 (full 23):
 PSYoungGen      total 531968K, used 211455K [0x00000000d5580000, 0x00000000fe180000, 0x0000000100000000)
  eden space 529920K, 39% used [0x00000000d5580000,0x00000000e2277fb0,0x00000000f5b00000)
  from space 2048K, 76% used [0x00000000fdf80000,0x00000000fe108000,0x00000000fe180000)
  to   space 4096K, 0% used [0x00000000fd980000,0x00000000fd980000,0x00000000fdd80000)
 ParOldGen       total 87552K, used 34439K [0x0000000080000000, 0x0000000085580000, 0x00000000d5580000)
  object space 87552K, 39% used [0x0000000080000000,0x00000000821a1d90,0x0000000085580000)
 Metaspace       used 63719K, capacity 89889K, committed 90112K, reserved 1107968K
  class space    used 22174K, capacity 30666K, committed 30720K, reserved 1048576K
Event: 8.849 GC heap after
Heap after GC invocations=76 (full 23):
 PSYoungGen      total 530944K, used 768K [0x00000000d5580000, 0x00000000fe000000, 0x0000000100000000)
  eden space 529920K, 0% used [0x00000000d5580000,0x00000000d5580000,0x00000000f5b00000)
  from space 1024K, 75% used [0x00000000fd980000,0x00000000fda40000,0x00000000fda80000)
  to   space 3584K, 0% used [0x00000000fdc80000,0x00000000fdc80000,0x00000000fe000000)
 ParOldGen       total 87552K, used 35695K [0x0000000080000000, 0x0000000085580000, 0x00000000d5580000)
  object space 87552K, 40% used [0x0000000080000000,0x00000000822dbd90,0x0000000085580000)
 Metaspace       used 63719K, capacity 89889K, committed 90112K, reserved 1107968K
  class space    used 22174K, capacity 30666K, committed 30720K, reserved 1048576K
}
Event: 8.849 GC heap before
{Heap before GC invocations=77 (full 24):
 PSYoungGen      total 530944K, used 768K [0x00000000d5580000, 0x00000000fe000000, 0x0000000100000000)
  eden space 529920K, 0% used [0x00000000d5580000,0x00000000d5580000,0x00000000f5b00000)
  from space 1024K, 75% used [0x00000000fd980000,0x00000000fda40000,0x00000000fda80000)
  to   space 3584K, 0% used [0x00000000fdc80000,0x00000000fdc80000,0x00000000fe000000)
 ParOldGen       total 87552K, used 35695K [0x0000000080000000, 0x0000000085580000, 0x00000000d5580000)
  object space 87552K, 40% used [0x0000000080000000,0x00000000822dbd90,0x0000000085580000)
 Metaspace       used 63719K, capacity 89889K, committed 90112K, reserved 1107968K
  class space    used 22174K, capacity 30666K, committed 30720K, reserved 1048576K
Event: 8.962 GC heap after
Heap after GC invocations=77 (full 24):
 PSYoungGen      total 530944K, used 0K [0x00000000d5580000, 0x00000000fe000000, 0x0000000100000000)
  eden space 529920K, 0% used [0x00000000d5580000,0x00000000d5580000,0x00000000f5b00000)
  from space 1024K, 0% used [0x00000000fd980000,0x00000000fd980000,0x00000000fda80000)
  to   space 3584K, 0% used [0x00000000fdc80000,0x00000000fdc80000,0x00000000fe000000)
 ParOldGen       total 87552K, used 32928K [0x0000000080000000, 0x0000000085580000, 0x00000000d5580000)
  object space 87552K, 37% used [0x0000000080000000,0x00000000820280a0,0x0000000085580000)
 Metaspace       used 63719K, capacity 89889K, committed 90112K, reserved 1107968K
  class space    used 22174K, capacity 30666K, committed 30720K, reserved 1048576K
}
Event: 9.086 GC heap before
{Heap before GC invocations=78 (full 24):
 PSYoungGen      total 530944K, used 529920K [0x00000000d5580000, 0x00000000fe000000, 0x0000000100000000)
  eden space 529920K, 100% used [0x00000000d5580000,0x00000000f5b00000,0x00000000f5b00000)
  from space 1024K, 0% used [0x00000000fd980000,0x00000000fd980000,0x00000000fda80000)
  to   space 3584K, 0% used [0x00000000fdc80000,0x00000000fdc80000,0x00000000fe000000)
 ParOldGen       total 87552K, used 32928K [0x0000000080000000, 0x0000000085580000, 0x00000000d5580000)
  object space 87552K, 37% used [0x0000000080000000,0x00000000820280a0,0x0000000085580000)
 Metaspace       used 63775K, capacity 89973K, committed 90112K, reserved 1107968K
  class space    used 22176K, capacity 30666K, committed 30720K, reserved 1048576K
Event: 9.090 GC heap after
Heap after GC invocations=78 (full 24):
 PSYoungGen      total 662016K, used 2816K [0x00000000d5580000, 0x00000000ffe80000, 0x0000000100000000)
  eden space 658432K, 0% used [0x00000000d5580000,0x00000000d5580000,0x00000000fd880000)
  from space 3584K, 78% used [0x00000000fdc80000,0x00000000fdf40000,0x00000000fe000000)
  to   space 4096K, 0% used [0x00000000fd880000,0x00000000fd880000,0x00000000fdc80000)
 ParOldGen       total 87552K, used 32928K [0x0000000080000000, 0x0000000085580000, 0x00000000d5580000)
  object space 87552K, 37% used [0x0000000080000000,0x00000000820280a0,0x0000000085580000)
 Metaspace       used 63775K, capacity 89973K, committed 90112K, reserved 1107968K
  class space    used 22176K, capacity 30666K, committed 30720K, reserved 1048576K
}

Deoptimization events (10 events):
Event: 8.967 Thread 0x0000020c29801800 Uncommon trap: reason=class_check action=maybe_recompile pc=0x0000020c0b3ee8a4 method=clojure.lang.Numbers.compare(Ljava/lang/Number;Ljava/lang/Number;)I @ 8
Event: 8.967 Thread 0x0000020c29801800 Uncommon trap: reason=class_check action=maybe_recompile pc=0x0000020c0b3ee8a4 method=clojure.lang.Numbers.compare(Ljava/lang/Number;Ljava/lang/Number;)I @ 8
Event: 8.967 Thread 0x0000020c29801800 Uncommon trap: reason=class_check action=maybe_recompile pc=0x0000020c0b3ee8a4 method=clojure.lang.Numbers.compare(Ljava/lang/Number;Ljava/lang/Number;)I @ 8
Event: 9.001 Thread 0x0000020c273b1800 Uncommon trap: reason=bimorphic action=maybe_recompile pc=0x0000020c0c0657ec method=clojure.lang.RestFn.applyTo(Lclojure/lang/ISeq;)Ljava/lang/Object; @ 142
Event: 9.001 Thread 0x0000020c273b1800 Uncommon trap: reason=class_check action=maybe_recompile pc=0x0000020c0c2f37ac method=clojure.core$str.doInvoke(Ljava/lang/Object;Ljava/lang/Object;)Ljava/lang/Object; @ 4
Event: 9.018 Thread 0x0000020c273b1800 Uncommon trap: reason=class_check action=maybe_recompile pc=0x0000020c0c2f37ac method=clojure.core$str.doInvoke(Ljava/lang/Object;Ljava/lang/Object;)Ljava/lang/Object; @ 4
Event: 9.080 Thread 0x0000020c090f2000 Uncommon trap: reason=class_check action=maybe_recompile pc=0x0000020c0b6d0148 method=java.util.Hashtable.get(Ljava/lang/Object;)Ljava/lang/Object; @ 6
Event: 9.080 Thread 0x0000020c090f2000 Uncommon trap: reason=class_check action=maybe_recompile pc=0x0000020c0b6d0148 method=java.util.Hashtable.get(Ljava/lang/Object;)Ljava/lang/Object; @ 6
Event: 9.080 Thread 0x0000020c090f2000 Uncommon trap: reason=unstable_if action=reinterpret pc=0x0000020c0c423ad0 method=java.security.AccessControlContext.optimize()Ljava/security/AccessControlContext; @ 65
Event: 9.083 Thread 0x0000020c2939c000 Uncommon trap: reason=unstable_if action=reinterpret pc=0x0000020c0b640808 method=java.util.Hashtable.containsKey(Ljava/lang/Object;)Z @ 27

Classes redefined (0 events):
No events

Internal exceptions (10 events):
Event: 1.119 Thread 0x0000020c090f3800 Implicit null exception at 0x0000020c0b72675b to 0x0000020c0b727d79
Event: 2.001 Thread 0x0000020c090f3800 Implicit null exception at 0x0000020c0bac5ad2 to 0x0000020c0bac9619
Event: 3.248 Thread 0x0000020c228d8800 Implicit null exception at 0x0000020c0bf009bf to 0x0000020c0bf00a89
Event: 3.248 Thread 0x0000020c228de000 Implicit null exception at 0x0000020c0bf009bf to 0x0000020c0bf00a89
Event: 5.146 Thread 0x0000020c24de2000 Implicit null exception at 0x0000020c0b80023e to 0x0000020c0b800385
Event: 8.842 Thread 0x0000020c29809800 Implicit null exception at 0x0000020c0b508c5b to 0x0000020c0b50928d
Event: 8.843 Thread 0x0000020c278e7800 Implicit null exception at 0x0000020c0b511a7b to 0x0000020c0b5120ad
Event: 8.966 Thread 0x0000020c271c7800 Implicit null exception at 0x0000020c0b86bbb3 to 0x0000020c0b86bd85
Event: 9.080 Thread 0x0000020c090f2000 Implicit null exception at 0x0000020c0c423899 to 0x0000020c0c423ab5
Event: 9.119 Thread 0x0000020c094c8000 Exception <a 'java/lang/InterruptedException'> (0x00000000d5b43d00) thrown at [C:\jenkins\workspace\8-2-build-windows-x64-cygwin-sans-NAS\jdk8u401\683\hotspot\src\share\vm\runtime\objectMonitor.cpp, line 1686]

Events (10 events):
Event: 9.115 Thread 0x0000020c094c8800 flushing nmethod 0x0000020c0b3fdad0
Event: 9.115 Thread 0x0000020c094c8800 flushing nmethod 0x0000020c0b40b110
Event: 9.116 Thread 0x0000020c094c8800 flushing nmethod 0x0000020c0b44a090
Event: 9.116 Thread 0x0000020c094c8800 flushing nmethod 0x0000020c0b44b2d0
Event: 9.119 Thread 0x0000020c094c8800 flushing nmethod 0x0000020c0b501310
Event: 9.119 Thread 0x0000020c094c8000 Thread exited: 0x0000020c094c8000
Event: 9.119 Thread 0x0000020c094c8800 flushing nmethod 0x0000020c0b5a07d0
Event: 9.119 Thread 0x0000020c094c8800 flushing nmethod 0x0000020c0b5cb3d0
Event: 9.119 Thread 0x0000020c094c8800 flushing nmethod 0x0000020c0b5dc390
Event: 9.120 Thread 0x0000020c094c8800 flushing nmethod 0x0000020c0b63ca90


Dynamic libraries:
0x00007ff7f1fd0000 - 0x00007ff7f1fea000 	C:\Users\pfii1\AppData\Local\Programs\Python\Python310\python310.exe
0x00007ffbfdc70000 - 0x00007ffbfde87000 	C:\Windows\SYSTEM32\ntdll.dll
0x00007ffbfd590000 - 0x00007ffbfd654000 	C:\Windows\System32\KERNEL32.DLL
0x00007ffbfb210000 - 0x00007ffbfb5b6000 	C:\Windows\System32\KERNELBASE.dll
0x00007ffbfb7f0000 - 0x00007ffbfb901000 	C:\Windows\System32\ucrtbase.dll
0x00007ffb2f4c0000 - 0x00007ffb2f911000 	C:\Users\pfii1\AppData\Local\Programs\Python\Python310\python310.dll
0x00007ffbf17d0000 - 0x00007ffbf17eb000 	C:\Users\pfii1\AppData\Local\Programs\Python\Python310\VCRUNTIME140.dll
0x00007ffbfc0c0000 - 0x00007ffbfc131000 	C:\Windows\System32\WS2_32.dll
0x00007ffbfdb10000 - 0x00007ffbfdc27000 	C:\Windows\System32\RPCRT4.dll
0x00007ffbf55f0000 - 0x00007ffbf55fa000 	C:\Windows\SYSTEM32\VERSION.dll
0x00007ffbfd020000 - 0x00007ffbfd0c7000 	C:\Windows\System32\msvcrt.dll
0x00007ffbfd820000 - 0x00007ffbfd8d3000 	C:\Windows\System32\ADVAPI32.dll
0x00007ffbfd9e0000 - 0x00007ffbfda88000 	C:\Windows\System32\sechost.dll
0x00007ffbfb910000 - 0x00007ffbfb938000 	C:\Windows\System32\bcrypt.dll
0x00007ffbfa7b0000 - 0x00007ffbfa7cb000 	C:\Windows\SYSTEM32\CRYPTSP.dll
0x00007ffbfa040000 - 0x00007ffbfa075000 	C:\Windows\system32\rsaenh.dll
0x00007ffbfa7d0000 - 0x00007ffbfa7dc000 	C:\Windows\SYSTEM32\CRYPTBASE.dll
0x00007ffbfb940000 - 0x00007ffbfb9ba000 	C:\Windows\System32\bcryptPrimitives.dll
0x0000020c07930000 - 0x0000020c0793f000 	C:\Users\pfii1\AppData\Local\Programs\Python\Python310\python3.DLL
0x00007ffaef920000 - 0x00007ffaef996000 	C:\Users\pfii1\AppData\Local\Programs\Python\Python310\lib\site-packages\_jpype.cp310-win_amd64.pyd
0x00007ffbd7d70000 - 0x00007ffbd7d7c000 	C:\Users\pfii1\AppData\Local\Programs\Python\Python310\VCRUNTIME140_1.dll
0x00007ffbe3840000 - 0x00007ffbe38cd000 	C:\Windows\SYSTEM32\MSVCP140.dll
0x00007ffbcd550000 - 0x00007ffbcd58f000 	C:\Users\pfii1\AppData\Local\Programs\Python\Python310\DLLs\_decimal.pyd
0x00007ffbf17b0000 - 0x00007ffbf17c5000 	C:\Users\pfii1\AppData\Local\Programs\Python\Python310\DLLs\_socket.pyd
0x00007ffbf9af0000 - 0x00007ffbf9b1d000 	C:\Windows\SYSTEM32\IPHLPAPI.DLL
0x00007ffbf1a20000 - 0x00007ffbf1a29000 	C:\Users\pfii1\AppData\Local\Programs\Python\Python310\DLLs\select.pyd
0x00007ffbf08c0000 - 0x00007ffbf08d5000 	C:\Users\pfii1\AppData\Local\Programs\Python\Python310\DLLs\_bz2.pyd
0x00007ffbefcb0000 - 0x00007ffbefcd8000 	C:\Users\pfii1\AppData\Local\Programs\Python\Python310\DLLs\_lzma.pyd
0x00007ffbefb30000 - 0x00007ffbefb39000 	C:\Users\pfii1\AppData\Local\Programs\Python\Python310\DLLs\_queue.pyd
0x00007ffbf08e0000 - 0x00007ffbf0908000 	C:\Users\pfii1\AppData\Local\Programs\Python\Python310\DLLs\_ssl.pyd
0x00007ffbfb680000 - 0x00007ffbfb7e6000 	C:\Windows\System32\CRYPT32.dll
0x00007ffb2fae0000 - 0x00007ffb2fe32000 	C:\Users\pfii1\AppData\Local\Programs\Python\Python310\DLLs\libcrypto-1_1.dll
0x00007ffbb47b0000 - 0x00007ffbb485e000 	C:\Users\pfii1\AppData\Local\Programs\Python\Python310\DLLs\libssl-1_1.dll
0x00007ffbfd0e0000 - 0x00007ffbfd28e000 	C:\Windows\System32\USER32.dll
0x00007ffbfb1e0000 - 0x00007ffbfb206000 	C:\Windows\System32\win32u.dll
0x00007ffbfda90000 - 0x00007ffbfdab9000 	C:\Windows\System32\GDI32.dll
0x00007ffbfb050000 - 0x00007ffbfb168000 	C:\Windows\System32\gdi32full.dll
0x00007ffbfafb0000 - 0x00007ffbfb04a000 	C:\Windows\System32\msvcp_win.dll
0x00007ffbfcfe0000 - 0x00007ffbfd011000 	C:\Windows\System32\IMM32.DLL
0x00007ffbf1310000 - 0x00007ffbf1321000 	C:\Users\pfii1\AppData\Local\Programs\Python\Python310\DLLs\_asyncio.pyd
0x00007ffbf19b0000 - 0x00007ffbf19bd000 	C:\Users\pfii1\AppData\Local\Programs\Python\Python310\DLLs\_overlapped.pyd
0x00007ffbfa560000 - 0x00007ffbfa5c9000 	C:\Windows\system32\mswsock.dll
0x00007ffbd7210000 - 0x00007ffbd722f000 	C:\Users\pfii1\AppData\Local\Programs\Python\Python310\DLLs\_ctypes.pyd
0x00007ffbfd390000 - 0x00007ffbfd530000 	C:\Windows\System32\ole32.dll
0x00007ffbfc140000 - 0x00007ffbfc4c9000 	C:\Windows\System32\combase.dll
0x00007ffbe9570000 - 0x00007ffbe957b000 	C:\Users\pfii1\AppData\Local\Programs\Python\Python310\DLLs\libffi-7.dll
0x00007ffbfd740000 - 0x00007ffbfd817000 	C:\Windows\System32\OLEAUT32.dll
0x00007ffaef070000 - 0x00007ffaef920000 	C:\Program Files\Java\jre-1.8\bin\server\jvm.dll
0x00007ffbfc0b0000 - 0x00007ffbfc0b8000 	C:\Windows\System32\PSAPI.DLL
0x00007ffbe36d0000 - 0x00007ffbe3704000 	C:\Windows\SYSTEM32\WINMM.dll
0x00007ffbe3290000 - 0x00007ffbe3299000 	C:\Windows\SYSTEM32\WSOCK32.dll
0x00007ffb1edc0000 - 0x00007ffb1edd0000 	C:\Program Files\Java\jre-1.8\bin\verify.dll
0x00007ffaef040000 - 0x00007ffaef06b000 	C:\Program Files\Java\jre-1.8\bin\java.dll
0x00007ffaef020000 - 0x00007ffaef038000 	C:\Program Files\Java\jre-1.8\bin\zip.dll
0x00007ffbfa0e0000 - 0x00007ffbfa0f8000 	C:\Windows\SYSTEM32\kernel.appcore.dll
0x00007ffbfc780000 - 0x00007ffbfcfdb000 	C:\Windows\System32\SHELL32.dll
0x00007ffbf8f20000 - 0x00007ffbf9816000 	C:\Windows\SYSTEM32\windows.storage.dll
0x00007ffbf8de0000 - 0x00007ffbf8f1e000 	C:\Windows\SYSTEM32\wintypes.dll
0x00007ffbfd290000 - 0x00007ffbfd383000 	C:\Windows\System32\SHCORE.dll
0x00007ffbfd6e0000 - 0x00007ffbfd73e000 	C:\Windows\System32\shlwapi.dll
0x00007ffbfaee0000 - 0x00007ffbfaf06000 	C:\Windows\SYSTEM32\profapi.dll
0x00007ffaef000000 - 0x00007ffaef01c000 	C:\Program Files\Java\jre-1.8\bin\net.dll
0x00007ffaeefe0000 - 0x00007ffaeeff3000 	C:\Program Files\Java\jre-1.8\bin\nio.dll
0x00007ffbf33e0000 - 0x00007ffbf3613000 	C:\Windows\SYSTEM32\dbghelp.dll

VM Arguments:
jvm_args: -Xms128m -Xmx2048m 
java_command: <unknown>
java_class_path (initial): C:\Users\pfii1\AppData\Local\Programs\Python\Python310\lib\site-packages\duckling\jars\clj-time-0.8.0.jar;C:\Users\pfii1\AppData\Local\Programs\Python\Python310\lib\site-packages\duckling\jars\clojure-1.8.0.jar;C:\Users\pfii1\AppData\Local\Programs\Python\Python310\lib\site-packages\duckling\jars\duckling-0.4.23.jar;C:\Users\pfii1\AppData\Local\Programs\Python\Python310\lib\site-packages\duckling\jars\joda-time-2.3.jar;C:\Users\pfii1\AppData\Local\Programs\Python\Python310\lib\site-packages\duckling\jars\lazymap-3.1.0.jar;C:\Users\pfii1\AppData\Local\Programs\Python\Python310\lib\site-packages\duckling\jars\plumbing-0.5.3.jar;C:\Users\pfii1\AppData\Local\Programs\Python\Python310\lib\site-packages\duckling\jars\schema-1.0.1.jar;C:\Users\pfii1\AppData\Local\Programs\Python\Python310\lib\site-packages\duckling\jars\tools.logging-0.2.6.jar
Launcher Type: generic

Environment Variables:
PATH=C:\Program Files (x86)\Common Files\Oracle\Java\javapath;C:\Windows\system32;C:\Windows;C:\Windows\System32\Wbem;C:\Windows\System32\WindowsPowerShell\v1.0\;C:\Windows\System32\OpenSSH\;C:\Program Files\Tesseract-OCR;C:\Program Files\Git\cmd;C:\Users\pfii1\.fly\bin;C:\Program Files\PuTTY\;C:\Program Files\NVIDIA Corporation\NVIDIA NvDLISR;C:\Program Files (x86)\NVIDIA Corporation\PhysX\Common;C:\Users\pfii1\AppData\Local\Programs\Python\Python311;C:\Users\pfii1\AppData\Local\Programs\Python\Python311\Scripts;C:\Users\pfii1\AppData\Local\Programs\Python\Python310;C:\Users\pfii1\AppData\Local\Programs\Python\Python310\Scripts;C:\Program Files (x86)\Windows Kits\10\Windows Performance Toolkit\;C:\Program Files\Docker\Docker\resources\bin;C:\Users\pfii1\AppData\Roaming\local\bin;C:\Program Files\MySQL\MySQL Shell 8.0\bin\;C:\Users\pfii1\AppData\Local\Programs\Python\Python311\Scripts\;C:\Users\pfii1\AppData\Local\Programs\Python\Python311\;C:\Users\pfii1\AppData\Local\Microsoft\WindowsApps;C:\Users\pfii1\AppData\Local\Programs\Microsoft VS Code\bin;C:\Program Files\JetBrains\PyCharm Community Edition 2023.1\bin;C:\Users\pfii1\.fly\bin;C:\Users\pfii1\AppData\Local\Programs\Python\Python310\Scripts\;C:\Users\pfii1\AppData\Local\Programs\Python\Python310\;
USERNAME=pfii1
OS=Windows_NT
PROCESSOR_IDENTIFIER=AMD64 Family 25 Model 80 Stepping 0, AuthenticAMD



---------------  S Y S T E M  ---------------

OS: Windows 11 , 64 bit Build 22621 (10.0.22621.3085)

CPU:total 12 (initial active 12) (12 cores per cpu, 1 threads per core) family 25 model 80 stepping 0, cmov, cx8, fxsr, mmx, sse, sse2, sse3, ssse3, sse4.1, sse4.2, popcnt, avx, avx2, aes, clmul, erms, mmxext, 3dnowpref, lzcnt, sse4a, tsc, tscinvbit, tscinv, bmi1

Memory: 4k page, physical 32896960k(14275516k free), swap 44431296k(10259976k free)

vm_info: Java HotSpot(TM) 64-Bit Server VM (25.401-b10) for windows-amd64 JRE (1.8.0_401-b10), built on Dec 19 2023 12:38:48 by "java_re" with MS VC++ 17.1 (VS2022)

time: Tue Feb 27 02:48:27 2024
timezone: x_
elapsed time: 9.154406 seconds (0d 0h 0m 9s)

